{"/home/travis/build/npmtest/node-npmtest-angular-touch/test.js":{"path":"/home/travis/build/npmtest/node-npmtest-angular-touch/test.js","s":{"1":2,"2":2,"3":2,"4":2,"5":2,"6":2,"7":2,"8":1,"9":2,"10":2,"11":1,"12":1,"13":1,"14":1,"15":2,"16":2,"17":2,"18":2,"19":1,"20":1,"21":2,"22":2,"23":2,"24":1,"25":1,"26":1,"27":1,"28":1,"29":1,"30":1,"31":1,"32":1,"33":1,"34":1,"35":1,"36":1,"37":1,"38":1,"39":2,"40":2,"41":1,"42":2,"43":2,"44":1,"45":2,"46":2,"47":1,"48":2,"49":2,"50":1,"51":1,"52":1,"53":1,"54":1},"b":{"1":[2,1,1,1],"2":[1,1,1,1],"3":[1,1],"4":[1,1],"5":[1,1],"6":[1,1],"7":[1,1],"8":[1,1],"9":[1,1],"10":[1,1,1],"11":[1,1],"12":[1,1],"13":[1,1],"14":[1,1],"15":[1,1],"16":[1,1],"17":[1,1]},"f":{"1":2,"2":2,"3":2,"4":2,"5":2,"6":1,"7":1,"8":1,"9":2,"10":2,"11":2,"12":2,"13":1},"fnMap":{"1":{"name":"(anonymous_1)","line":12,"loc":{"start":{"line":12,"column":1},"end":{"line":12,"column":13}}},"2":{"name":"(anonymous_2)","line":19,"loc":{"start":{"line":19,"column":5},"end":{"line":19,"column":17}}},"3":{"name":"(anonymous_3)","line":23,"loc":{"start":{"line":23,"column":24},"end":{"line":23,"column":36}}},"4":{"name":"(anonymous_4)","line":61,"loc":{"start":{"line":61,"column":5},"end":{"line":61,"column":17}}},"5":{"name":"(anonymous_5)","line":82,"loc":{"start":{"line":82,"column":5},"end":{"line":82,"column":17}}},"6":{"name":"(anonymous_6)","line":91,"loc":{"start":{"line":91,"column":77},"end":{"line":94,"column":10}}},"7":{"name":"(anonymous_7)","line":112,"loc":{"start":{"line":112,"column":83},"end":{"line":115,"column":10}},"skip":true},"8":{"name":"(anonymous_8)","line":123,"loc":{"start":{"line":123,"column":77},"end":{"line":126,"column":10}},"skip":true},"9":{"name":"(anonymous_9)","line":139,"loc":{"start":{"line":139,"column":12},"end":{"line":139,"column":40}},"skip":true},"10":{"name":"(anonymous_10)","line":147,"loc":{"start":{"line":147,"column":77},"end":{"line":150,"column":10}},"skip":true},"11":{"name":"(anonymous_11)","line":158,"loc":{"start":{"line":158,"column":83},"end":{"line":161,"column":10}},"skip":true},"12":{"name":"(anonymous_12)","line":169,"loc":{"start":{"line":169,"column":79},"end":{"line":172,"column":10}},"skip":true},"13":{"name":"(anonymous_13)","line":180,"loc":{"start":{"line":180,"column":75},"end":{"line":183,"column":10}},"skip":true}},"statementMap":{"1":{"start":{"line":12,"column":0},"end":{"line":195,"column":5}},"2":{"start":{"line":14,"column":4},"end":{"line":14,"column":14}},"3":{"start":{"line":19,"column":4},"end":{"line":56,"column":9}},"4":{"start":{"line":21,"column":8},"end":{"line":21,"column":19}},"5":{"start":{"line":23,"column":8},"end":{"line":35,"column":13}},"6":{"start":{"line":24,"column":12},"end":{"line":34,"column":13}},"7":{"start":{"line":25,"column":16},"end":{"line":28,"column":30}},"8":{"start":{"line":30,"column":16},"end":{"line":33,"column":27}},"9":{"start":{"line":37,"column":8},"end":{"line":39,"column":21}},"10":{"start":{"line":40,"column":8},"end":{"line":53,"column":9}},"11":{"start":{"line":43,"column":12},"end":{"line":46,"column":14}},"12":{"start":{"line":47,"column":12},"end":{"line":47,"column":18}},"13":{"start":{"line":50,"column":12},"end":{"line":51,"column":33}},"14":{"start":{"line":52,"column":12},"end":{"line":52,"column":18}},"15":{"start":{"line":55,"column":8},"end":{"line":55,"column":35}},"16":{"start":{"line":61,"column":4},"end":{"line":63,"column":9}},"17":{"start":{"line":62,"column":8},"end":{"line":62,"column":15}},"18":{"start":{"line":64,"column":4},"end":{"line":77,"column":5}},"19":{"start":{"line":70,"column":8},"end":{"line":70,"column":14}},"20":{"start":{"line":76,"column":8},"end":{"line":76,"column":14}},"21":{"start":{"line":82,"column":4},"end":{"line":84,"column":9}},"22":{"start":{"line":83,"column":8},"end":{"line":83,"column":15}},"23":{"start":{"line":85,"column":4},"end":{"line":194,"column":5}},"24":{"start":{"line":91,"column":8},"end":{"line":99,"column":10}},"25":{"start":{"line":98,"column":12},"end":{"line":98,"column":35}},"26":{"start":{"line":102,"column":8},"end":{"line":104,"column":63}},"27":{"start":{"line":105,"column":8},"end":{"line":105,"column":14}},"28":{"start":{"line":112,"column":8},"end":{"line":121,"column":10},"skip":true},"29":{"start":{"line":119,"column":12},"end":{"line":119,"column":55},"skip":true},"30":{"start":{"line":120,"column":12},"end":{"line":120,"column":48},"skip":true},"31":{"start":{"line":123,"column":8},"end":{"line":136,"column":10},"skip":true},"32":{"start":{"line":130,"column":12},"end":{"line":130,"column":76},"skip":true},"33":{"start":{"line":131,"column":12},"end":{"line":131,"column":73},"skip":true},"34":{"start":{"line":132,"column":12},"end":{"line":132,"column":74},"skip":true},"35":{"start":{"line":133,"column":12},"end":{"line":133,"column":79},"skip":true},"36":{"start":{"line":134,"column":12},"end":{"line":134,"column":25},"skip":true},"37":{"start":{"line":135,"column":12},"end":{"line":135,"column":45},"skip":true},"38":{"start":{"line":138,"column":8},"end":{"line":145,"column":14},"skip":true},"39":{"start":{"line":143,"column":16},"end":{"line":143,"column":29},"skip":true},"40":{"start":{"line":144,"column":16},"end":{"line":144,"column":55},"skip":true},"41":{"start":{"line":147,"column":8},"end":{"line":156,"column":10},"skip":true},"42":{"start":{"line":154,"column":12},"end":{"line":154,"column":25},"skip":true},"43":{"start":{"line":155,"column":12},"end":{"line":155,"column":45},"skip":true},"44":{"start":{"line":158,"column":8},"end":{"line":167,"column":10},"skip":true},"45":{"start":{"line":165,"column":12},"end":{"line":165,"column":25},"skip":true},"46":{"start":{"line":166,"column":12},"end":{"line":166,"column":48},"skip":true},"47":{"start":{"line":169,"column":8},"end":{"line":178,"column":10},"skip":true},"48":{"start":{"line":176,"column":12},"end":{"line":176,"column":25},"skip":true},"49":{"start":{"line":177,"column":12},"end":{"line":177,"column":46},"skip":true},"50":{"start":{"line":180,"column":8},"end":{"line":189,"column":10},"skip":true},"51":{"start":{"line":187,"column":12},"end":{"line":187,"column":94},"skip":true},"52":{"start":{"line":188,"column":12},"end":{"line":188,"column":48},"skip":true},"53":{"start":{"line":192,"column":8},"end":{"line":192,"column":35},"skip":true},"54":{"start":{"line":193,"column":8},"end":{"line":193,"column":14},"skip":true}},"branchMap":{"1":{"line":25,"type":"binary-expr","locations":[{"start":{"line":25,"column":23},"end":{"line":25,"column":62}},{"start":{"line":26,"column":20},"end":{"line":26,"column":70}},{"start":{"line":27,"column":20},"end":{"line":27,"column":71}},{"start":{"line":28,"column":20},"end":{"line":28,"column":29}}]},"2":{"line":30,"type":"binary-expr","locations":[{"start":{"line":30,"column":23},"end":{"line":30,"column":37}},{"start":{"line":31,"column":20},"end":{"line":31,"column":61}},{"start":{"line":32,"column":20},"end":{"line":32,"column":70}},{"start":{"line":33,"column":20},"end":{"line":33,"column":26}}]},"3":{"line":37,"type":"cond-expr","locations":[{"start":{"line":38,"column":14},"end":{"line":38,"column":20}},{"start":{"line":39,"column":14},"end":{"line":39,"column":20}}]},"4":{"line":40,"type":"switch","locations":[{"start":{"line":42,"column":8},"end":{"line":47,"column":18}},{"start":{"line":49,"column":8},"end":{"line":52,"column":18}}]},"5":{"line":44,"type":"binary-expr","locations":[{"start":{"line":44,"column":16},"end":{"line":44,"column":44}},{"start":{"line":44,"column":48},"end":{"line":44,"column":66}}]},"6":{"line":50,"type":"binary-expr","locations":[{"start":{"line":50,"column":21},"end":{"line":50,"column":49}},{"start":{"line":50,"column":53},"end":{"line":50,"column":72}}]},"7":{"line":64,"type":"switch","locations":[{"start":{"line":69,"column":4},"end":{"line":70,"column":14}},{"start":{"line":75,"column":4},"end":{"line":76,"column":14}}]},"8":{"line":85,"type":"switch","locations":[{"start":{"line":90,"column":4},"end":{"line":105,"column":14}},{"start":{"line":111,"column":4},"end":{"line":193,"column":14},"skip":true}]},"9":{"line":91,"type":"binary-expr","locations":[{"start":{"line":91,"column":42},"end":{"line":91,"column":73}},{"start":{"line":91,"column":77},"end":{"line":99,"column":9}}]},"10":{"line":102,"type":"binary-expr","locations":[{"start":{"line":102,"column":18},"end":{"line":102,"column":32}},{"start":{"line":103,"column":12},"end":{"line":103,"column":53}},{"start":{"line":104,"column":12},"end":{"line":104,"column":61}}]},"11":{"line":112,"type":"binary-expr","locations":[{"start":{"line":112,"column":45},"end":{"line":112,"column":79},"skip":true},{"start":{"line":112,"column":83},"end":{"line":121,"column":9},"skip":true}]},"12":{"line":123,"type":"binary-expr","locations":[{"start":{"line":123,"column":42},"end":{"line":123,"column":73},"skip":true},{"start":{"line":123,"column":77},"end":{"line":136,"column":9},"skip":true}]},"13":{"line":138,"type":"binary-expr","locations":[{"start":{"line":138,"column":48},"end":{"line":138,"column":85},"skip":true},{"start":{"line":139,"column":12},"end":{"line":145,"column":13},"skip":true}]},"14":{"line":147,"type":"binary-expr","locations":[{"start":{"line":147,"column":42},"end":{"line":147,"column":73},"skip":true},{"start":{"line":147,"column":77},"end":{"line":156,"column":9},"skip":true}]},"15":{"line":158,"type":"binary-expr","locations":[{"start":{"line":158,"column":45},"end":{"line":158,"column":79},"skip":true},{"start":{"line":158,"column":83},"end":{"line":167,"column":9},"skip":true}]},"16":{"line":169,"type":"binary-expr","locations":[{"start":{"line":169,"column":43},"end":{"line":169,"column":75},"skip":true},{"start":{"line":169,"column":79},"end":{"line":178,"column":9},"skip":true}]},"17":{"line":180,"type":"binary-expr","locations":[{"start":{"line":180,"column":41},"end":{"line":180,"column":71},"skip":true},{"start":{"line":180,"column":75},"end":{"line":189,"column":9},"skip":true}]}},"code":["/* istanbul instrument in package npmtest_angular_touch */","/*jslint","    bitwise: true,","    browser: true,","    maxerr: 8,","    maxlen: 96,","    node: true,","    nomen: true,","    regexp: true,","    stupid: true","*/","(function () {","    'use strict';","    var local;","","","","    // run shared js-env code - init-before","    (function () {","        // init local","        local = {};","        // init modeJs","        local.modeJs = (function () {","            try {","                return typeof navigator.userAgent === 'string' &&","                    typeof document.querySelector('body') === 'object' &&","                    typeof XMLHttpRequest.prototype.open === 'function' &&","                    'browser';","            } catch (errorCaughtBrowser) {","                return module.exports &&","                    typeof process.versions.node === 'string' &&","                    typeof require('http').createServer === 'function' &&","                    'node';","            }","        }());","        // init global","        local.global = local.modeJs === 'browser'","            ? window","            : global;","        switch (local.modeJs) {","        // re-init local from window.local","        case 'browser':","            local = local.global.utility2.objectSetDefault(","                local.global.utility2_rollup || local.global.local,","                local.global.utility2","            );","            break;","        // re-init local from example.js","        case 'node':","            local = (local.global.utility2_rollup || require('utility2'))","                .requireReadme();","            break;","        }","        // export local","        local.global.local = local;","    }());","","","","    // run shared js-env code - function","    (function () {","        return;","    }());","    switch (local.modeJs) {","","","","    // run browser js-env code - function","    case 'browser':","        break;","","","","    // run node js-env code - function","    case 'node':","        break;","    }","","","","    // run shared js-env code - init-after","    (function () {","        return;","    }());","    switch (local.modeJs) {","","","","    // run browser js-env code - init-after","    case 'browser':","        local.testCase_browser_nullCase = local.testCase_browser_nullCase || function (","            options,","            onError","        ) {","        /*","         * this function will test browsers's null-case handling-behavior-behavior","         */","            onError(null, options);","        };","","        // run tests","        local.nop(local.modeTest &&","            document.querySelector('#testRunButton1') &&","            document.querySelector('#testRunButton1').click());","        break;","","","","    // run node js-env code - init-after","    /* istanbul ignore next */","    case 'node':","        local.testCase_buildApidoc_default = local.testCase_buildApidoc_default || function (","            options,","            onError","        ) {","        /*","         * this function will test buildApidoc's default handling-behavior-behavior","         */","            options = { modulePathList: module.paths };","            local.buildApidoc(options, onError);","        };","","        local.testCase_buildApp_default = local.testCase_buildApp_default || function (","            options,","            onError","        ) {","        /*","         * this function will test buildApp's default handling-behavior-behavior","         */","            local.testCase_buildReadme_default(options, local.onErrorThrow);","            local.testCase_buildLib_default(options, local.onErrorThrow);","            local.testCase_buildTest_default(options, local.onErrorThrow);","            local.testCase_buildCustomOrg_default(options, local.onErrorThrow);","            options = [];","            local.buildApp(options, onError);","        };","","        local.testCase_buildCustomOrg_default = local.testCase_buildCustomOrg_default ||","            function (options, onError) {","            /*","             * this function will test buildCustomOrg's default handling-behavior","             */","                options = {};","                local.buildCustomOrg(options, onError);","            };","","        local.testCase_buildLib_default = local.testCase_buildLib_default || function (","            options,","            onError","        ) {","        /*","         * this function will test buildLib's default handling-behavior","         */","            options = {};","            local.buildLib(options, onError);","        };","","        local.testCase_buildReadme_default = local.testCase_buildReadme_default || function (","            options,","            onError","        ) {","        /*","         * this function will test buildReadme's default handling-behavior-behavior","         */","            options = {};","            local.buildReadme(options, onError);","        };","","        local.testCase_buildTest_default = local.testCase_buildTest_default || function (","            options,","            onError","        ) {","        /*","         * this function will test buildTest's default handling-behavior","         */","            options = {};","            local.buildTest(options, onError);","        };","","        local.testCase_webpage_default = local.testCase_webpage_default || function (","            options,","            onError","        ) {","        /*","         * this function will test webpage's default handling-behavior","         */","            options = { modeCoverageMerge: true, url: local.serverLocalHost + '?modeTest=1' };","            local.browserTest(options, onError);","        };","","        // run test-server","        local.testRunServer(local);","        break;","    }","}());",""],"l":{"12":2,"14":2,"19":2,"21":2,"23":2,"24":2,"25":2,"30":1,"37":2,"40":2,"43":1,"47":1,"50":1,"52":1,"55":2,"61":2,"62":2,"64":2,"70":1,"76":1,"82":2,"83":2,"85":2,"91":1,"98":1,"102":1,"105":1,"112":1,"119":1,"120":1,"123":1,"130":1,"131":1,"132":1,"133":1,"134":1,"135":1,"138":1,"143":2,"144":2,"147":1,"154":2,"155":2,"158":1,"165":2,"166":2,"169":1,"176":2,"177":2,"180":1,"187":1,"188":1,"192":1,"193":1}},"/home/travis/build/npmtest/node-npmtest-angular-touch/lib.npmtest_angular_touch.js":{"path":"/home/travis/build/npmtest/node-npmtest-angular-touch/lib.npmtest_angular_touch.js","s":{"1":2,"2":2,"3":2,"4":2,"5":2,"6":2,"7":2,"8":1,"9":2,"10":2,"11":2,"12":2,"13":1,"14":1,"15":1,"16":1},"b":{"1":[2,1,1,1],"2":[1,1,1,1],"3":[1,1],"4":[2,2],"5":[1,1]},"f":{"1":2,"2":2,"3":2},"fnMap":{"1":{"name":"(anonymous_1)","line":12,"loc":{"start":{"line":12,"column":1},"end":{"line":12,"column":13}}},"2":{"name":"(anonymous_2)","line":19,"loc":{"start":{"line":19,"column":5},"end":{"line":19,"column":17}}},"3":{"name":"(anonymous_3)","line":23,"loc":{"start":{"line":23,"column":24},"end":{"line":23,"column":36}}}},"statementMap":{"1":{"start":{"line":12,"column":0},"end":{"line":53,"column":5}},"2":{"start":{"line":14,"column":4},"end":{"line":14,"column":14}},"3":{"start":{"line":19,"column":4},"end":{"line":52,"column":9}},"4":{"start":{"line":21,"column":8},"end":{"line":21,"column":19}},"5":{"start":{"line":23,"column":8},"end":{"line":35,"column":13}},"6":{"start":{"line":24,"column":12},"end":{"line":34,"column":13}},"7":{"start":{"line":25,"column":16},"end":{"line":28,"column":30}},"8":{"start":{"line":30,"column":16},"end":{"line":33,"column":27}},"9":{"start":{"line":37,"column":8},"end":{"line":39,"column":21}},"10":{"start":{"line":41,"column":8},"end":{"line":41,"column":54}},"11":{"start":{"line":43,"column":8},"end":{"line":43,"column":58}},"12":{"start":{"line":45,"column":8},"end":{"line":51,"column":9}},"13":{"start":{"line":46,"column":12},"end":{"line":46,"column":64}},"14":{"start":{"line":48,"column":12},"end":{"line":48,"column":35}},"15":{"start":{"line":49,"column":12},"end":{"line":49,"column":49}},"16":{"start":{"line":50,"column":12},"end":{"line":50,"column":43}}},"branchMap":{"1":{"line":25,"type":"binary-expr","locations":[{"start":{"line":25,"column":23},"end":{"line":25,"column":62}},{"start":{"line":26,"column":20},"end":{"line":26,"column":70}},{"start":{"line":27,"column":20},"end":{"line":27,"column":71}},{"start":{"line":28,"column":20},"end":{"line":28,"column":29}}]},"2":{"line":30,"type":"binary-expr","locations":[{"start":{"line":30,"column":23},"end":{"line":30,"column":37}},{"start":{"line":31,"column":20},"end":{"line":31,"column":61}},{"start":{"line":32,"column":20},"end":{"line":32,"column":70}},{"start":{"line":33,"column":20},"end":{"line":33,"column":26}}]},"3":{"line":37,"type":"cond-expr","locations":[{"start":{"line":38,"column":14},"end":{"line":38,"column":20}},{"start":{"line":39,"column":14},"end":{"line":39,"column":20}}]},"4":{"line":41,"type":"binary-expr","locations":[{"start":{"line":41,"column":16},"end":{"line":41,"column":44}},{"start":{"line":41,"column":48},"end":{"line":41,"column":53}}]},"5":{"line":45,"type":"if","locations":[{"start":{"line":45,"column":8},"end":{"line":45,"column":8}},{"start":{"line":45,"column":8},"end":{"line":45,"column":8}}]}},"code":["/* istanbul instrument in package npmtest_angular_touch */","/*jslint","    bitwise: true,","    browser: true,","    maxerr: 8,","    maxlen: 96,","    node: true,","    nomen: true,","    regexp: true,","    stupid: true","*/","(function () {","    'use strict';","    var local;","","","","    // run shared js-env code - init-before","    (function () {","        // init local","        local = {};","        // init modeJs","        local.modeJs = (function () {","            try {","                return typeof navigator.userAgent === 'string' &&","                    typeof document.querySelector('body') === 'object' &&","                    typeof XMLHttpRequest.prototype.open === 'function' &&","                    'browser';","            } catch (errorCaughtBrowser) {","                return module.exports &&","                    typeof process.versions.node === 'string' &&","                    typeof require('http').createServer === 'function' &&","                    'node';","            }","        }());","        // init global","        local.global = local.modeJs === 'browser'","            ? window","            : global;","        // init utility2_rollup","        local = local.global.utility2_rollup || local;","        // init lib","        local.local = local.npmtest_angular_touch = local;","        // init exports","        if (local.modeJs === 'browser') {","            local.global.utility2_npmtest_angular_touch = local;","        } else {","            module.exports = local;","            module.exports.__dirname = __dirname;","            module.exports.module = module;","        }","    }());","}());",""],"l":{"12":2,"14":2,"19":2,"21":2,"23":2,"24":2,"25":2,"30":1,"37":2,"41":2,"43":2,"45":2,"46":1,"48":1,"49":1,"50":1}},"/home/travis/build/npmtest/node-npmtest-angular-touch/example.js":{"path":"/home/travis/build/npmtest/node-npmtest-angular-touch/example.js","s":{"1":2,"2":2,"3":2,"4":2,"5":2,"6":2,"7":2,"8":1,"9":2,"10":2,"11":2,"12":2,"13":1,"14":2,"15":2,"16":2,"17":2,"18":2,"19":0,"20":2,"21":1,"22":1,"23":1,"24":1,"25":1,"26":0,"27":0,"28":1,"29":1,"30":2,"31":0,"32":0,"33":0,"34":1,"35":2,"36":2,"37":3,"38":3,"39":3,"40":3,"41":0,"42":3,"43":3,"44":3,"45":1,"46":3,"47":1,"48":1,"49":1,"50":1,"51":1,"52":1,"53":1,"54":1,"55":1,"56":1,"57":0,"58":1,"59":6,"60":6,"61":1,"62":2,"63":0,"64":2,"65":1,"66":1,"67":0,"68":0,"69":0,"70":0,"71":0,"72":0,"73":0,"74":0,"75":0,"76":0,"77":0,"78":0,"79":0,"80":0,"81":0,"82":0,"83":0},"b":{"1":[2,1,1,1],"2":[1,1,1,1],"3":[1,1],"4":[2,2],"5":[1,1],"6":[1,1],"7":[2,0],"8":[2,1,1,1,1,1],"9":[0,2,0],"10":[1,1],"11":[2,1,1],"12":[1,0],"13":[0,2],"14":[2,0,0,0,0,0,0],"15":[0,3],"16":[3,0],"17":[1,1],"18":[0,1],"19":[1,2,0,2],"20":[1,0],"21":[1,1],"22":[0,0],"23":[0,0],"24":[0,0],"25":[0,0],"26":[0,0],"27":[0,0],"28":[0,0]},"f":{"1":2,"2":2,"3":2,"4":2,"5":2,"6":2,"7":3,"8":3,"9":3,"10":1,"11":6,"12":0},"fnMap":{"1":{"name":"(anonymous_1)","line":26,"loc":{"start":{"line":26,"column":1},"end":{"line":26,"column":13}}},"2":{"name":"(anonymous_2)","line":33,"loc":{"start":{"line":33,"column":5},"end":{"line":33,"column":17}}},"3":{"name":"(anonymous_3)","line":37,"loc":{"start":{"line":37,"column":24},"end":{"line":37,"column":36}}},"4":{"name":"(anonymous_4)","line":69,"loc":{"start":{"line":69,"column":31},"end":{"line":69,"column":48}},"skip":true},"5":{"name":"(anonymous_5)","line":78,"loc":{"start":{"line":78,"column":26},"end":{"line":78,"column":45}},"skip":true},"6":{"name":"(anonymous_6)","line":123,"loc":{"start":{"line":123,"column":33},"end":{"line":123,"column":48}},"skip":true},"7":{"name":"(anonymous_7)","line":125,"loc":{"start":{"line":125,"column":27},"end":{"line":125,"column":39}},"skip":true},"8":{"name":"(anonymous_8)","line":133,"loc":{"start":{"line":133,"column":59},"end":{"line":133,"column":74}},"skip":true},"9":{"name":"(anonymous_9)","line":143,"loc":{"start":{"line":143,"column":45},"end":{"line":143,"column":62}},"skip":true},"10":{"name":"(anonymous_10)","line":144,"loc":{"start":{"line":144,"column":73},"end":{"line":144,"column":92}},"skip":true},"11":{"name":"(anonymous_11)","line":272,"loc":{"start":{"line":272,"column":51},"end":{"line":272,"column":77}},"skip":true},"12":{"name":"(anonymous_12)","line":315,"loc":{"start":{"line":315,"column":32},"end":{"line":315,"column":61}},"skip":true}},"statementMap":{"1":{"start":{"line":26,"column":0},"end":{"line":326,"column":5}},"2":{"start":{"line":28,"column":4},"end":{"line":28,"column":14}},"3":{"start":{"line":33,"column":4},"end":{"line":60,"column":9}},"4":{"start":{"line":35,"column":8},"end":{"line":35,"column":19}},"5":{"start":{"line":37,"column":8},"end":{"line":49,"column":13}},"6":{"start":{"line":38,"column":12},"end":{"line":48,"column":13}},"7":{"start":{"line":39,"column":16},"end":{"line":42,"column":30}},"8":{"start":{"line":44,"column":16},"end":{"line":47,"column":27}},"9":{"start":{"line":51,"column":8},"end":{"line":53,"column":21}},"10":{"start":{"line":55,"column":8},"end":{"line":57,"column":45}},"11":{"start":{"line":59,"column":8},"end":{"line":59,"column":35}},"12":{"start":{"line":61,"column":4},"end":{"line":325,"column":5}},"13":{"start":{"line":69,"column":8},"end":{"line":121,"column":10},"skip":true},"14":{"start":{"line":70,"column":12},"end":{"line":88,"column":13},"skip":true},"15":{"start":{"line":76,"column":16},"end":{"line":87,"column":19},"skip":true},"16":{"start":{"line":79,"column":20},"end":{"line":86,"column":21},"skip":true},"17":{"start":{"line":82,"column":24},"end":{"line":82,"column":43},"skip":true},"18":{"start":{"line":83,"column":24},"end":{"line":83,"column":30},"skip":true},"19":{"start":{"line":85,"column":24},"end":{"line":85,"column":49},"skip":true},"20":{"start":{"line":89,"column":12},"end":{"line":107,"column":13},"skip":true},"21":{"start":{"line":92,"column":16},"end":{"line":102,"column":17},"skip":true},"22":{"start":{"line":93,"column":20},"end":{"line":93,"column":86},"skip":true},"23":{"start":{"line":94,"column":20},"end":{"line":95,"column":45},"skip":true},"24":{"start":{"line":96,"column":20},"end":{"line":96,"column":42},"skip":true},"25":{"start":{"line":97,"column":20},"end":{"line":97,"column":48},"skip":true},"26":{"start":{"line":100,"column":20},"end":{"line":100,"column":85},"skip":true},"27":{"start":{"line":101,"column":20},"end":{"line":101,"column":96},"skip":true},"28":{"start":{"line":103,"column":16},"end":{"line":103,"column":22},"skip":true},"29":{"start":{"line":106,"column":16},"end":{"line":106,"column":22},"skip":true},"30":{"start":{"line":108,"column":12},"end":{"line":120,"column":13},"skip":true},"31":{"start":{"line":114,"column":16},"end":{"line":119,"column":17},"skip":true},"32":{"start":{"line":116,"column":20},"end":{"line":116,"column":78},"skip":true},"33":{"start":{"line":118,"column":20},"end":{"line":118,"column":47},"skip":true},"34":{"start":{"line":123,"column":8},"end":{"line":141,"column":11},"skip":true},"35":{"start":{"line":124,"column":12},"end":{"line":124,"column":54},"skip":true},"36":{"start":{"line":125,"column":12},"end":{"line":140,"column":14},"skip":true},"37":{"start":{"line":126,"column":16},"end":{"line":126,"column":28},"skip":true},"38":{"start":{"line":127,"column":16},"end":{"line":127,"column":69},"skip":true},"39":{"start":{"line":128,"column":16},"end":{"line":128,"column":75},"skip":true},"40":{"start":{"line":129,"column":16},"end":{"line":131,"column":17},"skip":true},"41":{"start":{"line":130,"column":20},"end":{"line":130,"column":27},"skip":true},"42":{"start":{"line":133,"column":16},"end":{"line":137,"column":36},"skip":true},"43":{"start":{"line":134,"column":20},"end":{"line":136,"column":55},"skip":true},"44":{"start":{"line":139,"column":16},"end":{"line":139,"column":57},"skip":true},"45":{"start":{"line":143,"column":8},"end":{"line":147,"column":11},"skip":true},"46":{"start":{"line":144,"column":12},"end":{"line":146,"column":15},"skip":true},"47":{"start":{"line":145,"column":16},"end":{"line":145,"column":70},"skip":true},"48":{"start":{"line":149,"column":8},"end":{"line":149,"column":31},"skip":true},"49":{"start":{"line":150,"column":8},"end":{"line":150,"column":14},"skip":true},"50":{"start":{"line":158,"column":8},"end":{"line":158,"column":31},"skip":true},"51":{"start":{"line":160,"column":8},"end":{"line":160,"column":33},"skip":true},"52":{"start":{"line":161,"column":8},"end":{"line":161,"column":37},"skip":true},"53":{"start":{"line":162,"column":8},"end":{"line":162,"column":35},"skip":true},"54":{"start":{"line":164,"column":8},"end":{"line":164,"column":50},"skip":true},"55":{"start":{"line":166,"column":8},"end":{"line":256,"column":2},"skip":true},"56":{"start":{"line":258,"column":8},"end":{"line":286,"column":9},"skip":true},"57":{"start":{"line":259,"column":12},"end":{"line":269,"column":14},"skip":true},"58":{"start":{"line":271,"column":12},"end":{"line":285,"column":19},"skip":true},"59":{"start":{"line":274,"column":20},"end":{"line":274,"column":35},"skip":true},"60":{"start":{"line":275,"column":20},"end":{"line":284,"column":21},"skip":true},"61":{"start":{"line":277,"column":24},"end":{"line":277,"column":64},"skip":true},"62":{"start":{"line":279,"column":24},"end":{"line":279,"column":40},"skip":true},"63":{"start":{"line":281,"column":24},"end":{"line":281,"column":40},"skip":true},"64":{"start":{"line":283,"column":24},"end":{"line":283,"column":39},"skip":true},"65":{"start":{"line":288,"column":8},"end":{"line":290,"column":9},"skip":true},"66":{"start":{"line":289,"column":12},"end":{"line":289,"column":18},"skip":true},"67":{"start":{"line":291,"column":8},"end":{"line":293,"column":54},"skip":true},"68":{"start":{"line":296,"column":8},"end":{"line":301,"column":37},"skip":true},"69":{"start":{"line":303,"column":8},"end":{"line":303,"column":82},"skip":true},"70":{"start":{"line":306,"column":8},"end":{"line":308,"column":9},"skip":true},"71":{"start":{"line":307,"column":12},"end":{"line":307,"column":82},"skip":true},"72":{"start":{"line":310,"column":8},"end":{"line":312,"column":9},"skip":true},"73":{"start":{"line":311,"column":12},"end":{"line":311,"column":18},"skip":true},"74":{"start":{"line":313,"column":8},"end":{"line":313,"column":54},"skip":true},"75":{"start":{"line":314,"column":8},"end":{"line":314,"column":69},"skip":true},"76":{"start":{"line":315,"column":8},"end":{"line":323,"column":36},"skip":true},"77":{"start":{"line":316,"column":12},"end":{"line":316,"column":61},"skip":true},"78":{"start":{"line":317,"column":12},"end":{"line":320,"column":13},"skip":true},"79":{"start":{"line":318,"column":16},"end":{"line":318,"column":75},"skip":true},"80":{"start":{"line":319,"column":16},"end":{"line":319,"column":23},"skip":true},"81":{"start":{"line":321,"column":12},"end":{"line":321,"column":38},"skip":true},"82":{"start":{"line":322,"column":12},"end":{"line":322,"column":27},"skip":true},"83":{"start":{"line":324,"column":8},"end":{"line":324,"column":14},"skip":true}},"branchMap":{"1":{"line":39,"type":"binary-expr","locations":[{"start":{"line":39,"column":23},"end":{"line":39,"column":62}},{"start":{"line":40,"column":20},"end":{"line":40,"column":70}},{"start":{"line":41,"column":20},"end":{"line":41,"column":71}},{"start":{"line":42,"column":20},"end":{"line":42,"column":29}}]},"2":{"line":44,"type":"binary-expr","locations":[{"start":{"line":44,"column":23},"end":{"line":44,"column":37}},{"start":{"line":45,"column":20},"end":{"line":45,"column":61}},{"start":{"line":46,"column":20},"end":{"line":46,"column":70}},{"start":{"line":47,"column":20},"end":{"line":47,"column":26}}]},"3":{"line":51,"type":"cond-expr","locations":[{"start":{"line":52,"column":14},"end":{"line":52,"column":20}},{"start":{"line":53,"column":14},"end":{"line":53,"column":20}}]},"4":{"line":55,"type":"binary-expr","locations":[{"start":{"line":55,"column":16},"end":{"line":55,"column":44}},{"start":{"line":55,"column":49},"end":{"line":57,"column":43}}]},"5":{"line":55,"type":"cond-expr","locations":[{"start":{"line":56,"column":14},"end":{"line":56,"column":57}},{"start":{"line":57,"column":14},"end":{"line":57,"column":43}}]},"6":{"line":61,"type":"switch","locations":[{"start":{"line":68,"column":4},"end":{"line":150,"column":14},"skip":true},{"start":{"line":156,"column":4},"end":{"line":324,"column":14},"skip":true}]},"7":{"line":70,"type":"if","locations":[{"start":{"line":70,"column":12},"end":{"line":70,"column":12},"skip":true},{"start":{"line":70,"column":12},"end":{"line":70,"column":12},"skip":true}]},"8":{"line":70,"type":"binary-expr","locations":[{"start":{"line":70,"column":16},"end":{"line":70,"column":22},"skip":true},{"start":{"line":70,"column":27},"end":{"line":70,"column":32},"skip":true},{"start":{"line":71,"column":20},"end":{"line":71,"column":39},"skip":true},{"start":{"line":72,"column":20},"end":{"line":72,"column":49},"skip":true},{"start":{"line":73,"column":20},"end":{"line":73,"column":58},"skip":true},{"start":{"line":74,"column":20},"end":{"line":74,"column":69},"skip":true}]},"9":{"line":79,"type":"switch","locations":[{"start":{"line":80,"column":20},"end":{"line":80,"column":33},"skip":true},{"start":{"line":81,"column":20},"end":{"line":83,"column":30},"skip":true},{"start":{"line":84,"column":20},"end":{"line":85,"column":49},"skip":true}]},"10":{"line":89,"type":"switch","locations":[{"start":{"line":90,"column":12},"end":{"line":103,"column":22},"skip":true},{"start":{"line":105,"column":12},"end":{"line":106,"column":22},"skip":true}]},"11":{"line":89,"type":"binary-expr","locations":[{"start":{"line":89,"column":20},"end":{"line":89,"column":25},"skip":true},{"start":{"line":89,"column":29},"end":{"line":89,"column":48},"skip":true},{"start":{"line":89,"column":52},"end":{"line":89,"column":74},"skip":true}]},"12":{"line":92,"type":"if","locations":[{"start":{"line":92,"column":16},"end":{"line":92,"column":16},"skip":true},{"start":{"line":92,"column":16},"end":{"line":92,"column":16},"skip":true}]},"13":{"line":108,"type":"if","locations":[{"start":{"line":108,"column":12},"end":{"line":108,"column":12},"skip":true},{"start":{"line":108,"column":12},"end":{"line":108,"column":12},"skip":true}]},"14":{"line":108,"type":"binary-expr","locations":[{"start":{"line":108,"column":16},"end":{"line":108,"column":61},"skip":true},{"start":{"line":108,"column":66},"end":{"line":108,"column":72},"skip":true},{"start":{"line":108,"column":77},"end":{"line":108,"column":82},"skip":true},{"start":{"line":109,"column":20},"end":{"line":109,"column":39},"skip":true},{"start":{"line":110,"column":20},"end":{"line":110,"column":49},"skip":true},{"start":{"line":111,"column":20},"end":{"line":111,"column":58},"skip":true},{"start":{"line":112,"column":20},"end":{"line":112,"column":68},"skip":true}]},"15":{"line":129,"type":"if","locations":[{"start":{"line":129,"column":16},"end":{"line":129,"column":16},"skip":true},{"start":{"line":129,"column":16},"end":{"line":129,"column":16},"skip":true}]},"16":{"line":134,"type":"cond-expr","locations":[{"start":{"line":135,"column":26},"end":{"line":135,"column":29},"skip":true},{"start":{"line":136,"column":26},"end":{"line":136,"column":54},"skip":true}]},"17":{"line":164,"type":"binary-expr","locations":[{"start":{"line":164,"column":27},"end":{"line":164,"column":43},"skip":true},{"start":{"line":164,"column":47},"end":{"line":164,"column":49},"skip":true}]},"18":{"line":258,"type":"if","locations":[{"start":{"line":258,"column":8},"end":{"line":258,"column":8},"skip":true},{"start":{"line":258,"column":8},"end":{"line":258,"column":8},"skip":true}]},"19":{"line":275,"type":"switch","locations":[{"start":{"line":276,"column":20},"end":{"line":277,"column":64},"skip":true},{"start":{"line":278,"column":20},"end":{"line":279,"column":40},"skip":true},{"start":{"line":280,"column":20},"end":{"line":281,"column":40},"skip":true},{"start":{"line":282,"column":20},"end":{"line":283,"column":39},"skip":true}]},"20":{"line":288,"type":"if","locations":[{"start":{"line":288,"column":8},"end":{"line":288,"column":8},"skip":true},{"start":{"line":288,"column":8},"end":{"line":288,"column":8},"skip":true}]},"21":{"line":288,"type":"binary-expr","locations":[{"start":{"line":288,"column":12},"end":{"line":288,"column":40},"skip":true},{"start":{"line":288,"column":44},"end":{"line":288,"column":67},"skip":true}]},"22":{"line":292,"type":"binary-expr","locations":[{"start":{"line":292,"column":12},"end":{"line":292,"column":50},"skip":true},{"start":{"line":293,"column":12},"end":{"line":293,"column":53},"skip":true}]},"23":{"line":297,"type":"binary-expr","locations":[{"start":{"line":297,"column":12},"end":{"line":297,"column":71},"skip":true},{"start":{"line":298,"column":12},"end":{"line":301,"column":36},"skip":true}]},"24":{"line":303,"type":"binary-expr","locations":[{"start":{"line":303,"column":43},"end":{"line":303,"column":75},"skip":true},{"start":{"line":303,"column":79},"end":{"line":303,"column":81},"skip":true}]},"25":{"line":306,"type":"if","locations":[{"start":{"line":306,"column":8},"end":{"line":306,"column":8},"skip":true},{"start":{"line":306,"column":8},"end":{"line":306,"column":8},"skip":true}]},"26":{"line":310,"type":"if","locations":[{"start":{"line":310,"column":8},"end":{"line":310,"column":8},"skip":true},{"start":{"line":310,"column":8},"end":{"line":310,"column":8},"skip":true}]},"27":{"line":313,"type":"binary-expr","locations":[{"start":{"line":313,"column":27},"end":{"line":313,"column":43},"skip":true},{"start":{"line":313,"column":47},"end":{"line":313,"column":53},"skip":true}]},"28":{"line":317,"type":"if","locations":[{"start":{"line":317,"column":12},"end":{"line":317,"column":12},"skip":true},{"start":{"line":317,"column":12},"end":{"line":317,"column":12},"skip":true}]}},"code":["/*","example.js","","quickstart example","","instruction","    1. save this script as example.js","    2. run the shell command:","        $ npm install npmtest-angular-touch && PORT=8081 node example.js","    3. play with the browser-demo on http://127.0.0.1:8081","*/","","","","/* istanbul instrument in package npmtest_angular_touch */","/*jslint","    bitwise: true,","    browser: true,","    maxerr: 8,","    maxlen: 96,","    node: true,","    nomen: true,","    regexp: true,","    stupid: true","*/","(function () {","    'use strict';","    var local;","","","","    // run shared js-env code - init-before","    (function () {","        // init local","        local = {};","        // init modeJs","        local.modeJs = (function () {","            try {","                return typeof navigator.userAgent === 'string' &&","                    typeof document.querySelector('body') === 'object' &&","                    typeof XMLHttpRequest.prototype.open === 'function' &&","                    'browser';","            } catch (errorCaughtBrowser) {","                return module.exports &&","                    typeof process.versions.node === 'string' &&","                    typeof require('http').createServer === 'function' &&","                    'node';","            }","        }());","        // init global","        local.global = local.modeJs === 'browser'","            ? window","            : global;","        // init utility2_rollup","        local = local.global.utility2_rollup || (local.modeJs === 'browser'","            ? local.global.utility2_npmtest_angular_touch","            : global.utility2_moduleExports);","        // export local","        local.global.local = local;","    }());","    switch (local.modeJs) {","","","","    // init-after","    // run browser js-env code - init-after","    /* istanbul ignore next */","    case 'browser':","        local.testRunBrowser = function (event) {","            if (!event || (event &&","                    event.currentTarget &&","                    event.currentTarget.className &&","                    event.currentTarget.className.includes &&","                    event.currentTarget.className.includes('onreset'))) {","                // reset output","                Array.from(","                    document.querySelectorAll('body > .resettable')","                ).forEach(function (element) {","                    switch (element.tagName) {","                    case 'INPUT':","                    case 'TEXTAREA':","                        element.value = '';","                        break;","                    default:","                        element.textContent = '';","                    }","                });","            }","            switch (event && event.currentTarget && event.currentTarget.id) {","            case 'testRunButton1':","                // show tests","                if (document.querySelector('#testReportDiv1').style.display === 'none') {","                    document.querySelector('#testReportDiv1').style.display = 'block';","                    document.querySelector('#testRunButton1').textContent =","                        'hide internal test';","                    local.modeTest = true;","                    local.testRunDefault(local);","                // hide tests","                } else {","                    document.querySelector('#testReportDiv1').style.display = 'none';","                    document.querySelector('#testRunButton1').textContent = 'run internal test';","                }","                break;","            // custom-case","            default:","                break;","            }","            if (document.querySelector('#inputTextareaEval1') && (!event || (event &&","                    event.currentTarget &&","                    event.currentTarget.className &&","                    event.currentTarget.className.includes &&","                    event.currentTarget.className.includes('oneval')))) {","                // try to eval input-code","                try {","                    /*jslint evil: true*/","                    eval(document.querySelector('#inputTextareaEval1').value);","                } catch (errorCaught) {","                    console.error(errorCaught);","                }","            }","        };","        // log stderr and stdout to #outputTextareaStdout1","        ['error', 'log'].forEach(function (key) {","            console[key + '_original'] = console[key];","            console[key] = function () {","                var element;","                console[key + '_original'].apply(console, arguments);","                element = document.querySelector('#outputTextareaStdout1');","                if (!element) {","                    return;","                }","                // append text to #outputTextareaStdout1","                element.value += Array.from(arguments).map(function (arg) {","                    return typeof arg === 'string'","                        ? arg","                        : JSON.stringify(arg, null, 4);","                }).join(' ') + '\\n';","                // scroll textarea to bottom","                element.scrollTop = element.scrollHeight;","            };","        });","        // init event-handling","        ['change', 'click', 'keyup'].forEach(function (event) {","            Array.from(document.querySelectorAll('.on' + event)).forEach(function (element) {","                element.addEventListener(event, local.testRunBrowser);","            });","        });","        // run tests","        local.testRunBrowser();","        break;","","","","    // run node js-env code - init-after","    /* istanbul ignore next */","    case 'node':","        // export local","        module.exports = local;","        // require modules","        local.fs = require('fs');","        local.http = require('http');","        local.url = require('url');","        // init assets","        local.assetsDict = local.assetsDict || {};","        /* jslint-ignore-begin */","        local.assetsDict['/assets.index.template.html'] = '\\","<!doctype html>\\n\\","<html lang=\"en\">\\n\\","<head>\\n\\","<meta charset=\"UTF-8\">\\n\\","<meta name=\"viewport\" content=\"width=device-width, initial-scale=1\">\\n\\","<title>{{env.npm_package_name}} (v{{env.npm_package_version}})</title>\\n\\","<style>\\n\\","/*csslint\\n\\","    box-sizing: false,\\n\\","    universal-selector: false\\n\\","*/\\n\\","* {\\n\\","    box-sizing: border-box;\\n\\","}\\n\\","body {\\n\\","    background: #dde;\\n\\","    font-family: Arial, Helvetica, sans-serif;\\n\\","    margin: 2rem;\\n\\","}\\n\\","body > * {\\n\\","    margin-bottom: 1rem;\\n\\","}\\n\\",".utility2FooterDiv {\\n\\","    margin-top: 20px;\\n\\","    text-align: center;\\n\\","}\\n\\","</style>\\n\\","<style>\\n\\","/*csslint\\n\\","*/\\n\\","textarea {\\n\\","    font-family: monospace;\\n\\","    height: 10rem;\\n\\","    width: 100%;\\n\\","}\\n\\","textarea[readonly] {\\n\\","    background: #ddd;\\n\\","}\\n\\","</style>\\n\\","</head>\\n\\","<body>\\n\\","<!-- utility2-comment\\n\\","<div id=\"ajaxProgressDiv1\" style=\"background: #d00; height: 2px; left: 0; margin: 0; padding: 0; position: fixed; top: 0; transition: background 0.5s, width 1.5s; width: 25%;\"></div>\\n\\","utility2-comment -->\\n\\","<h1>\\n\\","<!-- utility2-comment\\n\\","    <a\\n\\","        {{#if env.npm_package_homepage}}\\n\\","        href=\"{{env.npm_package_homepage}}\"\\n\\","        {{/if env.npm_package_homepage}}\\n\\","        target=\"_blank\"\\n\\","    >\\n\\","utility2-comment -->\\n\\","        {{env.npm_package_name}} (v{{env.npm_package_version}})\\n\\","<!-- utility2-comment\\n\\","    </a>\\n\\","utility2-comment -->\\n\\","</h1>\\n\\","<h3>{{env.npm_package_description}}</h3>\\n\\","<!-- utility2-comment\\n\\","<h4><a download href=\"assets.app.js\">download standalone app</a></h4>\\n\\","<button class=\"onclick onreset\" id=\"testRunButton1\">run internal test</button><br>\\n\\","<div id=\"testReportDiv1\" style=\"display: none;\"></div>\\n\\","utility2-comment -->\\n\\","\\n\\","\\n\\","\\n\\","<label>stderr and stdout</label>\\n\\","<textarea class=\"resettable\" id=\"outputTextareaStdout1\" readonly></textarea>\\n\\","<!-- utility2-comment\\n\\","{{#if isRollup}}\\n\\","<script src=\"assets.app.js\"></script>\\n\\","{{#unless isRollup}}\\n\\","utility2-comment -->\\n\\","<script src=\"assets.utility2.rollup.js\"></script>\\n\\","<script src=\"jsonp.utility2._stateInit?callback=window.utility2._stateInit\"></script>\\n\\","<script src=\"assets.npmtest_angular_touch.rollup.js\"></script>\\n\\","<script src=\"assets.example.js\"></script>\\n\\","<script src=\"assets.test.js\"></script>\\n\\","<!-- utility2-comment\\n\\","{{/if isRollup}}\\n\\","utility2-comment -->\\n\\","<div class=\"utility2FooterDiv\">\\n\\","    [ this app was created with\\n\\","    <a href=\"https://github.com/kaizhu256/node-utility2\" target=\"_blank\">utility2</a>\\n\\","    ]\\n\\","</div>\\n\\","</body>\\n\\","</html>\\n\\","';","        /* jslint-ignore-end */","        if (local.templateRender) {","            local.assetsDict['/'] = local.templateRender(","                local.assetsDict['/assets.index.template.html'],","                {","                    env: local.objectSetDefault(local.env, {","                        npm_package_description: 'the greatest app in the world!',","                        npm_package_name: 'my-app',","                        npm_package_nameAlias: 'my_app',","                        npm_package_version: '0.0.1'","                    })","                }","            );","        } else {","            local.assetsDict['/'] = local.assetsDict['/assets.index.template.html']","                .replace((/\\{\\{env\\.(\\w+?)\\}\\}/g), function (match0, match1) {","                    // jslint-hack","                    String(match0);","                    switch (match1) {","                    case 'npm_package_description':","                        return 'the greatest app in the world!';","                    case 'npm_package_name':","                        return 'my-app';","                    case 'npm_package_nameAlias':","                        return 'my_app';","                    case 'npm_package_version':","                        return '0.0.1';","                    }","                });","        }","        // run the cli","        if (local.global.utility2_rollup || module !== require.main) {","            break;","        }","        local.assetsDict['/assets.example.js'] =","            local.assetsDict['/assets.example.js'] ||","            local.fs.readFileSync(__filename, 'utf8');","        // bug-workaround - long $npm_package_buildCustomOrg","        /* jslint-ignore-begin */","        local.assetsDict['/assets.npmtest_angular_touch.rollup.js'] =","            local.assetsDict['/assets.npmtest_angular_touch.rollup.js'] ||","            local.fs.readFileSync(","                local.npmtest_angular_touch.__dirname + '/lib.npmtest_angular_touch.js',","                'utf8'","            ).replace((/^#!/), '//');","        /* jslint-ignore-end */","        local.assetsDict['/favicon.ico'] = local.assetsDict['/favicon.ico'] || '';","        // if $npm_config_timeout_exit exists,","        // then exit this process after $npm_config_timeout_exit ms","        if (Number(process.env.npm_config_timeout_exit)) {","            setTimeout(process.exit, Number(process.env.npm_config_timeout_exit));","        }","        // start server","        if (local.global.utility2_serverHttp1) {","            break;","        }","        process.env.PORT = process.env.PORT || '8081';","        console.error('server starting on port ' + process.env.PORT);","        local.http.createServer(function (request, response) {","            request.urlParsed = local.url.parse(request.url);","            if (local.assetsDict[request.urlParsed.pathname] !== undefined) {","                response.end(local.assetsDict[request.urlParsed.pathname]);","                return;","            }","            response.statusCode = 404;","            response.end();","        }).listen(process.env.PORT);","        break;","    }","}());",""],"l":{"26":2,"28":2,"33":2,"35":2,"37":2,"38":2,"39":2,"44":1,"51":2,"55":2,"59":2,"61":2,"69":1,"70":2,"76":2,"79":2,"82":2,"83":2,"85":1,"89":2,"92":1,"93":1,"94":1,"96":1,"97":1,"100":1,"101":1,"103":1,"106":1,"108":2,"114":1,"116":1,"118":1,"123":1,"124":2,"125":2,"126":3,"127":3,"128":3,"129":3,"130":1,"133":3,"134":3,"139":3,"143":1,"144":3,"145":1,"149":1,"150":1,"158":1,"160":1,"161":1,"162":1,"164":1,"166":1,"258":1,"259":1,"271":1,"274":6,"275":6,"277":1,"279":2,"281":1,"283":2,"288":1,"289":1,"291":1,"296":1,"303":1,"306":1,"307":1,"310":1,"311":1,"313":1,"314":1,"315":1,"316":1,"317":1,"318":1,"319":1,"321":1,"322":1,"324":1}},"/home/travis/build/npmtest/node-npmtest-angular-touch/node_modules/angular-touch/index.js":{"path":"/home/travis/build/npmtest/node-npmtest-angular-touch/node_modules/angular-touch/index.js","s":{"1":2,"2":0},"b":{},"f":{},"fnMap":{},"statementMap":{"1":{"start":{"line":1,"column":0},"end":{"line":1,"column":27}},"2":{"start":{"line":2,"column":0},"end":{"line":2,"column":27}}},"branchMap":{},"code":["require('./angular-touch');","module.exports = 'ngTouch';",""],"l":{"1":2,"2":0}},"/home/travis/build/npmtest/node-npmtest-angular-touch/node_modules/angular-touch/angular-touch.js":{"path":"/home/travis/build/npmtest/node-npmtest-angular-touch/node_modules/angular-touch/angular-touch.js","s":{"1":4,"2":0,"3":0,"4":0,"5":1,"6":0,"7":0,"8":1,"9":0,"10":0,"11":0,"12":0,"13":0,"14":0,"15":0,"16":0,"17":0,"18":0,"19":0,"20":0,"21":0,"22":0,"23":0,"24":0,"25":0,"26":0,"27":0,"28":0,"29":0,"30":0,"31":0,"32":0,"33":0,"34":0,"35":0,"36":1,"37":0,"38":0,"39":0,"40":0,"41":1,"42":0,"43":0,"44":0,"45":0,"46":0,"47":0,"48":0,"49":0,"50":0,"51":0,"52":0,"53":0,"54":0,"55":0,"56":0,"57":0,"58":0,"59":0,"60":0,"61":0,"62":0,"63":0,"64":0,"65":0,"66":0,"67":0,"68":0,"69":0,"70":0,"71":0,"72":0,"73":0,"74":0,"75":0,"76":0,"77":0,"78":0,"79":0,"80":0,"81":0,"82":0,"83":0,"84":0,"85":0,"86":0,"87":0,"88":0,"89":0,"90":0,"91":0,"92":0,"93":0,"94":0,"95":0,"96":0,"97":0,"98":0,"99":0,"100":0,"101":0,"102":1,"103":0,"104":1,"105":0,"106":0,"107":0,"108":0,"109":0,"110":1,"111":0,"112":0,"113":0,"114":0,"115":0,"116":0,"117":0,"118":0,"119":0,"120":0,"121":0,"122":0,"123":0,"124":0,"125":0,"126":0,"127":0,"128":0,"129":0,"130":1,"131":0,"132":0,"133":0,"134":0,"135":0,"136":0,"137":0,"138":0,"139":0,"140":1,"141":0,"142":0,"143":0,"144":0,"145":0,"146":0,"147":0,"148":0,"149":1,"150":0,"151":0,"152":0,"153":0,"154":0,"155":0,"156":0,"157":0,"158":0,"159":0,"160":0,"161":0,"162":0,"163":0,"164":0,"165":0,"166":0,"167":0,"168":0,"169":0,"170":0,"171":0,"172":0,"173":0,"174":0,"175":0,"176":0,"177":0,"178":0,"179":0,"180":0,"181":0,"182":0,"183":0,"184":0,"185":0,"186":0,"187":0,"188":0,"189":1,"190":0,"191":0,"192":0,"193":0,"194":0,"195":0,"196":0,"197":1,"198":0,"199":0,"200":0,"201":0,"202":0,"203":0,"204":0,"205":0,"206":0,"207":0,"208":0,"209":0,"210":0,"211":0,"212":0,"213":0,"214":0,"215":0},"b":{"1":[0,0,0],"2":[0,0],"3":[0,0],"4":[0,0],"5":[0,0],"6":[0,0],"7":[0,0],"8":[0,0],"9":[0,0],"10":[0,0,0],"11":[0,0],"12":[0,0],"13":[0,0],"14":[0,0],"15":[0,0],"16":[0,0],"17":[0,0],"18":[0,0],"19":[0,0],"20":[0,0],"21":[0,0],"22":[0,0],"23":[0,0],"24":[0,0],"25":[0,0],"26":[0,0],"27":[0,0],"28":[0,0],"29":[0,0],"30":[0,0],"31":[0,0],"32":[0,0],"33":[0,0,0],"34":[0,0],"35":[0,0],"36":[0,0],"37":[0,0],"38":[0,0],"39":[0,0],"40":[0,0],"41":[0,0],"42":[0,0],"43":[0,0],"44":[0,0],"45":[0,0],"46":[0,0],"47":[0,0],"48":[0,0],"49":[0,0],"50":[0,0],"51":[0,0],"52":[0,0],"53":[0,0],"54":[0,0],"55":[0,0,0],"56":[0,0],"57":[0,0],"58":[0,0],"59":[0,0],"60":[0,0],"61":[0,0,0,0,0],"62":[0,0],"63":[0,0]},"f":{"1":0,"2":0,"3":0,"4":0,"5":0,"6":0,"7":0,"8":0,"9":0,"10":0,"11":0,"12":0,"13":0,"14":0,"15":0,"16":0,"17":0,"18":0,"19":0,"20":0,"21":0,"22":0,"23":0,"24":0,"25":0,"26":0,"27":0,"28":0,"29":0,"30":0,"31":0,"32":0,"33":0,"34":0,"35":0,"36":0,"37":0,"38":0,"39":0,"40":0,"41":0},"fnMap":{"1":{"name":"(anonymous_1)","line":6,"loc":{"start":{"line":6,"column":1},"end":{"line":6,"column":27}}},"2":{"name":"nodeName_","line":36,"loc":{"start":{"line":36,"column":0},"end":{"line":36,"column":28}}},"3":{"name":"$TouchProvider","line":48,"loc":{"start":{"line":48,"column":0},"end":{"line":48,"column":52}}},"4":{"name":"(anonymous_4)","line":71,"loc":{"start":{"line":71,"column":32},"end":{"line":71,"column":50}}},"5":{"name":"(anonymous_5)","line":81,"loc":{"start":{"line":81,"column":61},"end":{"line":81,"column":81}}},"6":{"name":"(anonymous_6)","line":119,"loc":{"start":{"line":119,"column":14},"end":{"line":119,"column":25}}},"7":{"name":"(anonymous_7)","line":130,"loc":{"start":{"line":130,"column":30},"end":{"line":130,"column":41}}},"8":{"name":"(anonymous_8)","line":158,"loc":{"start":{"line":158,"column":27},"end":{"line":158,"column":38}}},"9":{"name":"getCoordinates","line":182,"loc":{"start":{"line":182,"column":2},"end":{"line":182,"column":33}}},"10":{"name":"getEvents","line":193,"loc":{"start":{"line":193,"column":2},"end":{"line":193,"column":46}}},"11":{"name":"(anonymous_11)","line":195,"loc":{"start":{"line":195,"column":34},"end":{"line":195,"column":56}}},"12":{"name":"(anonymous_12)","line":238,"loc":{"start":{"line":238,"column":10},"end":{"line":238,"column":57}}},"13":{"name":"(anonymous_13)","line":249,"loc":{"start":{"line":249,"column":51},"end":{"line":249,"column":67}}},"14":{"name":"(anonymous_14)","line":261,"loc":{"start":{"line":261,"column":27},"end":{"line":261,"column":43}}},"15":{"name":"(anonymous_15)","line":269,"loc":{"start":{"line":269,"column":50},"end":{"line":269,"column":66}}},"16":{"name":"(anonymous_16)","line":307,"loc":{"start":{"line":307,"column":49},"end":{"line":307,"column":65}}},"17":{"name":"(anonymous_17)","line":367,"loc":{"start":{"line":367,"column":4},"end":{"line":367,"column":45}}},"18":{"name":"hit","line":419,"loc":{"start":{"line":419,"column":2},"end":{"line":419,"column":31}}},"19":{"name":"checkAllowableRegions","line":426,"loc":{"start":{"line":426,"column":2},"end":{"line":426,"column":57}}},"20":{"name":"onClick","line":438,"loc":{"start":{"line":438,"column":2},"end":{"line":438,"column":26}}},"21":{"name":"onTouchStart","line":486,"loc":{"start":{"line":486,"column":2},"end":{"line":486,"column":31}}},"22":{"name":"(anonymous_22)","line":492,"loc":{"start":{"line":492,"column":13},"end":{"line":492,"column":24}}},"23":{"name":"preventGhostClick","line":505,"loc":{"start":{"line":505,"column":2},"end":{"line":505,"column":35}}},"24":{"name":"(anonymous_24)","line":518,"loc":{"start":{"line":518,"column":9},"end":{"line":518,"column":40}}},"25":{"name":"resetState","line":526,"loc":{"start":{"line":526,"column":4},"end":{"line":526,"column":26}}},"26":{"name":"(anonymous_26)","line":531,"loc":{"start":{"line":531,"column":29},"end":{"line":531,"column":45}}},"27":{"name":"(anonymous_27)","line":551,"loc":{"start":{"line":551,"column":30},"end":{"line":551,"column":46}}},"28":{"name":"(anonymous_28)","line":555,"loc":{"start":{"line":555,"column":27},"end":{"line":555,"column":43}}},"29":{"name":"(anonymous_29)","line":589,"loc":{"start":{"line":589,"column":22},"end":{"line":589,"column":38}}},"30":{"name":"(anonymous_30)","line":597,"loc":{"start":{"line":597,"column":24},"end":{"line":597,"column":50}}},"31":{"name":"(anonymous_31)","line":598,"loc":{"start":{"line":598,"column":19},"end":{"line":598,"column":30}}},"32":{"name":"(anonymous_32)","line":603,"loc":{"start":{"line":603,"column":28},"end":{"line":603,"column":44}}},"33":{"name":"(anonymous_33)","line":607,"loc":{"start":{"line":607,"column":36},"end":{"line":607,"column":52}}},"34":{"name":"makeSwipeDirective","line":685,"loc":{"start":{"line":685,"column":0},"end":{"line":685,"column":65}}},"35":{"name":"(anonymous_35)","line":686,"loc":{"start":{"line":686,"column":56},"end":{"line":686,"column":81}}},"36":{"name":"(anonymous_36)","line":694,"loc":{"start":{"line":694,"column":11},"end":{"line":694,"column":42}}},"37":{"name":"validSwipe","line":699,"loc":{"start":{"line":699,"column":6},"end":{"line":699,"column":34}}},"38":{"name":"(anonymous_38)","line":723,"loc":{"start":{"line":723,"column":17},"end":{"line":723,"column":41}}},"39":{"name":"(anonymous_39)","line":727,"loc":{"start":{"line":727,"column":18},"end":{"line":727,"column":34}}},"40":{"name":"(anonymous_40)","line":730,"loc":{"start":{"line":730,"column":15},"end":{"line":730,"column":39}}},"41":{"name":"(anonymous_41)","line":732,"loc":{"start":{"line":732,"column":25},"end":{"line":732,"column":36}}}},"statementMap":{"1":{"start":{"line":6,"column":0},"end":{"line":749,"column":27}},"2":{"start":{"line":30,"column":0},"end":{"line":30,"column":44}},"3":{"start":{"line":32,"column":0},"end":{"line":32,"column":42}},"4":{"start":{"line":34,"column":0},"end":{"line":34,"column":43}},"5":{"start":{"line":36,"column":0},"end":{"line":38,"column":1}},"6":{"start":{"line":37,"column":2},"end":{"line":37,"column":84}},"7":{"start":{"line":47,"column":0},"end":{"line":47,"column":58}},"8":{"start":{"line":48,"column":0},"end":{"line":136,"column":1}},"9":{"start":{"line":68,"column":2},"end":{"line":68,"column":37}},"10":{"start":{"line":69,"column":2},"end":{"line":69,"column":36}},"11":{"start":{"line":71,"column":2},"end":{"line":107,"column":4}},"12":{"start":{"line":72,"column":4},"end":{"line":104,"column":5}},"13":{"start":{"line":74,"column":6},"end":{"line":100,"column":7}},"14":{"start":{"line":75,"column":8},"end":{"line":75,"column":37}},"15":{"start":{"line":78,"column":8},"end":{"line":78,"column":62}},"16":{"start":{"line":79,"column":8},"end":{"line":79,"column":76}},"17":{"start":{"line":81,"column":8},"end":{"line":99,"column":12}},"18":{"start":{"line":82,"column":10},"end":{"line":96,"column":11}},"19":{"start":{"line":84,"column":12},"end":{"line":84,"column":30}},"20":{"start":{"line":88,"column":12},"end":{"line":88,"column":41}},"21":{"start":{"line":89,"column":12},"end":{"line":95,"column":13}},"22":{"start":{"line":90,"column":14},"end":{"line":93,"column":15}},"23":{"start":{"line":91,"column":16},"end":{"line":91,"column":39}},"24":{"start":{"line":92,"column":16},"end":{"line":92,"column":22}},"25":{"start":{"line":94,"column":14},"end":{"line":94,"column":18}},"26":{"start":{"line":98,"column":10},"end":{"line":98,"column":27}},"27":{"start":{"line":102,"column":6},"end":{"line":102,"column":39}},"28":{"start":{"line":103,"column":6},"end":{"line":103,"column":18}},"29":{"start":{"line":106,"column":4},"end":{"line":106,"column":34}},"30":{"start":{"line":119,"column":2},"end":{"line":134,"column":4}},"31":{"start":{"line":120,"column":4},"end":{"line":133,"column":6}},"32":{"start":{"line":131,"column":8},"end":{"line":131,"column":38}},"33":{"start":{"line":158,"column":0},"end":{"line":316,"column":4}},"34":{"start":{"line":160,"column":2},"end":{"line":160,"column":30}},"35":{"start":{"line":162,"column":2},"end":{"line":180,"column":4}},"36":{"start":{"line":182,"column":2},"end":{"line":191,"column":3}},"37":{"start":{"line":183,"column":4},"end":{"line":183,"column":53}},"38":{"start":{"line":184,"column":4},"end":{"line":184,"column":114}},"39":{"start":{"line":185,"column":4},"end":{"line":185,"column":92}},"40":{"start":{"line":187,"column":4},"end":{"line":190,"column":6}},"41":{"start":{"line":193,"column":2},"end":{"line":202,"column":3}},"42":{"start":{"line":194,"column":4},"end":{"line":194,"column":17}},"43":{"start":{"line":195,"column":4},"end":{"line":200,"column":7}},"44":{"start":{"line":196,"column":6},"end":{"line":196,"column":61}},"45":{"start":{"line":197,"column":6},"end":{"line":199,"column":7}},"46":{"start":{"line":198,"column":8},"end":{"line":198,"column":28}},"47":{"start":{"line":201,"column":4},"end":{"line":201,"column":25}},"48":{"start":{"line":204,"column":2},"end":{"line":315,"column":4}},"49":{"start":{"line":240,"column":6},"end":{"line":240,"column":25}},"50":{"start":{"line":242,"column":6},"end":{"line":242,"column":22}},"51":{"start":{"line":244,"column":6},"end":{"line":244,"column":18}},"52":{"start":{"line":246,"column":6},"end":{"line":246,"column":25}},"53":{"start":{"line":248,"column":6},"end":{"line":248,"column":67}},"54":{"start":{"line":249,"column":6},"end":{"line":258,"column":9}},"55":{"start":{"line":250,"column":8},"end":{"line":250,"column":44}},"56":{"start":{"line":251,"column":8},"end":{"line":251,"column":22}},"57":{"start":{"line":252,"column":8},"end":{"line":252,"column":19}},"58":{"start":{"line":253,"column":8},"end":{"line":253,"column":19}},"59":{"start":{"line":254,"column":8},"end":{"line":254,"column":30}},"60":{"start":{"line":255,"column":8},"end":{"line":257,"column":9}},"61":{"start":{"line":256,"column":10},"end":{"line":256,"column":53}},"62":{"start":{"line":259,"column":6},"end":{"line":259,"column":53}},"63":{"start":{"line":260,"column":6},"end":{"line":267,"column":7}},"64":{"start":{"line":261,"column":8},"end":{"line":266,"column":11}},"65":{"start":{"line":262,"column":10},"end":{"line":262,"column":25}},"66":{"start":{"line":263,"column":10},"end":{"line":265,"column":11}},"67":{"start":{"line":264,"column":12},"end":{"line":264,"column":43}},"68":{"start":{"line":269,"column":6},"end":{"line":305,"column":9}},"69":{"start":{"line":270,"column":8},"end":{"line":270,"column":28}},"70":{"start":{"line":270,"column":21},"end":{"line":270,"column":28}},"71":{"start":{"line":278,"column":8},"end":{"line":278,"column":33}},"72":{"start":{"line":278,"column":26},"end":{"line":278,"column":33}},"73":{"start":{"line":279,"column":8},"end":{"line":279,"column":43}},"74":{"start":{"line":281,"column":8},"end":{"line":281,"column":49}},"75":{"start":{"line":282,"column":8},"end":{"line":282,"column":49}},"76":{"start":{"line":284,"column":8},"end":{"line":284,"column":25}},"77":{"start":{"line":286,"column":8},"end":{"line":288,"column":9}},"78":{"start":{"line":287,"column":10},"end":{"line":287,"column":17}},"79":{"start":{"line":291,"column":8},"end":{"line":304,"column":9}},"80":{"start":{"line":293,"column":10},"end":{"line":293,"column":25}},"81":{"start":{"line":294,"column":10},"end":{"line":296,"column":11}},"82":{"start":{"line":295,"column":12},"end":{"line":295,"column":43}},"83":{"start":{"line":297,"column":10},"end":{"line":297,"column":17}},"84":{"start":{"line":300,"column":10},"end":{"line":300,"column":33}},"85":{"start":{"line":301,"column":10},"end":{"line":303,"column":11}},"86":{"start":{"line":302,"column":12},"end":{"line":302,"column":49}},"87":{"start":{"line":307,"column":6},"end":{"line":313,"column":9}},"88":{"start":{"line":308,"column":8},"end":{"line":308,"column":28}},"89":{"start":{"line":308,"column":21},"end":{"line":308,"column":28}},"90":{"start":{"line":309,"column":8},"end":{"line":309,"column":23}},"91":{"start":{"line":310,"column":8},"end":{"line":312,"column":9}},"92":{"start":{"line":311,"column":10},"end":{"line":311,"column":61}},"93":{"start":{"line":366,"column":0},"end":{"line":612,"column":3}},"94":{"start":{"line":368,"column":2},"end":{"line":368,"column":25}},"95":{"start":{"line":369,"column":2},"end":{"line":369,"column":26}},"96":{"start":{"line":370,"column":2},"end":{"line":370,"column":30}},"97":{"start":{"line":371,"column":2},"end":{"line":371,"column":33}},"98":{"start":{"line":373,"column":2},"end":{"line":373,"column":44}},"99":{"start":{"line":374,"column":2},"end":{"line":374,"column":24}},"100":{"start":{"line":375,"column":2},"end":{"line":375,"column":23}},"101":{"start":{"line":376,"column":2},"end":{"line":376,"column":32}},"102":{"start":{"line":419,"column":2},"end":{"line":421,"column":3}},"103":{"start":{"line":420,"column":4},"end":{"line":420,"column":98}},"104":{"start":{"line":426,"column":2},"end":{"line":434,"column":3}},"105":{"start":{"line":427,"column":4},"end":{"line":432,"column":5}},"106":{"start":{"line":428,"column":6},"end":{"line":431,"column":7}},"107":{"start":{"line":429,"column":8},"end":{"line":429,"column":42}},"108":{"start":{"line":430,"column":8},"end":{"line":430,"column":20}},"109":{"start":{"line":433,"column":4},"end":{"line":433,"column":17}},"110":{"start":{"line":438,"column":2},"end":{"line":481,"column":3}},"111":{"start":{"line":439,"column":4},"end":{"line":441,"column":5}},"112":{"start":{"line":440,"column":6},"end":{"line":440,"column":13}},"113":{"start":{"line":443,"column":4},"end":{"line":443,"column":82}},"114":{"start":{"line":444,"column":4},"end":{"line":444,"column":31}},"115":{"start":{"line":445,"column":4},"end":{"line":445,"column":31}},"116":{"start":{"line":450,"column":4},"end":{"line":452,"column":5}},"117":{"start":{"line":451,"column":6},"end":{"line":451,"column":13}},"118":{"start":{"line":453,"column":4},"end":{"line":456,"column":5}},"119":{"start":{"line":455,"column":6},"end":{"line":455,"column":13}},"120":{"start":{"line":458,"column":4},"end":{"line":460,"column":5}},"121":{"start":{"line":459,"column":6},"end":{"line":459,"column":39}},"122":{"start":{"line":462,"column":4},"end":{"line":464,"column":5}},"123":{"start":{"line":463,"column":6},"end":{"line":463,"column":41}},"124":{"start":{"line":469,"column":4},"end":{"line":471,"column":5}},"125":{"start":{"line":470,"column":6},"end":{"line":470,"column":13}},"126":{"start":{"line":474,"column":4},"end":{"line":474,"column":28}},"127":{"start":{"line":475,"column":4},"end":{"line":475,"column":27}},"128":{"start":{"line":478,"column":4},"end":{"line":480,"column":5}},"129":{"start":{"line":479,"column":6},"end":{"line":479,"column":26}},"130":{"start":{"line":486,"column":2},"end":{"line":501,"column":3}},"131":{"start":{"line":487,"column":4},"end":{"line":487,"column":82}},"132":{"start":{"line":488,"column":4},"end":{"line":488,"column":31}},"133":{"start":{"line":489,"column":4},"end":{"line":489,"column":31}},"134":{"start":{"line":490,"column":4},"end":{"line":490,"column":32}},"135":{"start":{"line":492,"column":4},"end":{"line":500,"column":32}},"136":{"start":{"line":494,"column":6},"end":{"line":499,"column":7}},"137":{"start":{"line":495,"column":8},"end":{"line":498,"column":9}},"138":{"start":{"line":496,"column":10},"end":{"line":496,"column":44}},"139":{"start":{"line":497,"column":10},"end":{"line":497,"column":17}},"140":{"start":{"line":505,"column":2},"end":{"line":515,"column":3}},"141":{"start":{"line":506,"column":4},"end":{"line":510,"column":5}},"142":{"start":{"line":507,"column":6},"end":{"line":507,"column":63}},"143":{"start":{"line":508,"column":6},"end":{"line":508,"column":73}},"144":{"start":{"line":509,"column":6},"end":{"line":509,"column":28}},"145":{"start":{"line":512,"column":4},"end":{"line":512,"column":35}},"146":{"start":{"line":514,"column":4},"end":{"line":514,"column":50}},"147":{"start":{"line":518,"column":2},"end":{"line":611,"column":4}},"148":{"start":{"line":519,"column":4},"end":{"line":524,"column":20}},"149":{"start":{"line":526,"column":4},"end":{"line":529,"column":5}},"150":{"start":{"line":527,"column":6},"end":{"line":527,"column":22}},"151":{"start":{"line":528,"column":6},"end":{"line":528,"column":45}},"152":{"start":{"line":531,"column":4},"end":{"line":549,"column":7}},"153":{"start":{"line":532,"column":6},"end":{"line":532,"column":21}},"154":{"start":{"line":533,"column":6},"end":{"line":533,"column":66}},"155":{"start":{"line":535,"column":6},"end":{"line":537,"column":7}},"156":{"start":{"line":536,"column":8},"end":{"line":536,"column":43}},"157":{"start":{"line":539,"column":6},"end":{"line":539,"column":42}},"158":{"start":{"line":541,"column":6},"end":{"line":541,"column":29}},"159":{"start":{"line":544,"column":6},"end":{"line":544,"column":55}},"160":{"start":{"line":545,"column":6},"end":{"line":545,"column":116}},"161":{"start":{"line":546,"column":6},"end":{"line":546,"column":25}},"162":{"start":{"line":547,"column":6},"end":{"line":547,"column":30}},"163":{"start":{"line":548,"column":6},"end":{"line":548,"column":30}},"164":{"start":{"line":551,"column":4},"end":{"line":553,"column":7}},"165":{"start":{"line":552,"column":6},"end":{"line":552,"column":19}},"166":{"start":{"line":555,"column":4},"end":{"line":585,"column":7}},"167":{"start":{"line":556,"column":6},"end":{"line":556,"column":40}},"168":{"start":{"line":559,"column":6},"end":{"line":559,"column":55}},"169":{"start":{"line":560,"column":6},"end":{"line":562,"column":110}},"170":{"start":{"line":563,"column":6},"end":{"line":563,"column":25}},"171":{"start":{"line":564,"column":6},"end":{"line":564,"column":24}},"172":{"start":{"line":565,"column":6},"end":{"line":565,"column":24}},"173":{"start":{"line":566,"column":6},"end":{"line":566,"column":88}},"174":{"start":{"line":568,"column":6},"end":{"line":582,"column":7}},"175":{"start":{"line":570,"column":8},"end":{"line":570,"column":32}},"176":{"start":{"line":575,"column":8},"end":{"line":577,"column":9}},"177":{"start":{"line":576,"column":10},"end":{"line":576,"column":28}},"178":{"start":{"line":579,"column":8},"end":{"line":581,"column":9}},"179":{"start":{"line":580,"column":10},"end":{"line":580,"column":51}},"180":{"start":{"line":584,"column":6},"end":{"line":584,"column":19}},"181":{"start":{"line":589,"column":4},"end":{"line":589,"column":42}},"182":{"start":{"line":597,"column":4},"end":{"line":601,"column":7}},"183":{"start":{"line":598,"column":6},"end":{"line":600,"column":9}},"184":{"start":{"line":599,"column":8},"end":{"line":599,"column":59}},"185":{"start":{"line":603,"column":4},"end":{"line":605,"column":7}},"186":{"start":{"line":604,"column":6},"end":{"line":604,"column":42}},"187":{"start":{"line":607,"column":4},"end":{"line":609,"column":7}},"188":{"start":{"line":608,"column":6},"end":{"line":608,"column":45}},"189":{"start":{"line":685,"column":0},"end":{"line":741,"column":1}},"190":{"start":{"line":686,"column":2},"end":{"line":740,"column":6}},"191":{"start":{"line":688,"column":4},"end":{"line":688,"column":35}},"192":{"start":{"line":690,"column":4},"end":{"line":690,"column":33}},"193":{"start":{"line":692,"column":4},"end":{"line":692,"column":37}},"194":{"start":{"line":694,"column":4},"end":{"line":739,"column":6}},"195":{"start":{"line":695,"column":6},"end":{"line":695,"column":53}},"196":{"start":{"line":697,"column":6},"end":{"line":697,"column":29}},"197":{"start":{"line":699,"column":6},"end":{"line":716,"column":7}},"198":{"start":{"line":708,"column":8},"end":{"line":708,"column":39}},"199":{"start":{"line":708,"column":26},"end":{"line":708,"column":39}},"200":{"start":{"line":709,"column":8},"end":{"line":709,"column":56}},"201":{"start":{"line":710,"column":8},"end":{"line":710,"column":60}},"202":{"start":{"line":711,"column":8},"end":{"line":715,"column":49}},"203":{"start":{"line":718,"column":6},"end":{"line":718,"column":35}},"204":{"start":{"line":719,"column":6},"end":{"line":721,"column":7}},"205":{"start":{"line":720,"column":8},"end":{"line":720,"column":35}},"206":{"start":{"line":722,"column":6},"end":{"line":738,"column":23}},"207":{"start":{"line":724,"column":10},"end":{"line":724,"column":31}},"208":{"start":{"line":725,"column":10},"end":{"line":725,"column":23}},"209":{"start":{"line":728,"column":10},"end":{"line":728,"column":24}},"210":{"start":{"line":731,"column":10},"end":{"line":736,"column":11}},"211":{"start":{"line":732,"column":12},"end":{"line":735,"column":15}},"212":{"start":{"line":733,"column":14},"end":{"line":733,"column":48}},"213":{"start":{"line":734,"column":14},"end":{"line":734,"column":51}},"214":{"start":{"line":744,"column":0},"end":{"line":744,"column":51}},"215":{"start":{"line":745,"column":0},"end":{"line":745,"column":52}}},"branchMap":{"1":{"line":37,"type":"binary-expr","locations":[{"start":{"line":37,"column":27},"end":{"line":37,"column":43}},{"start":{"line":37,"column":48},"end":{"line":37,"column":58}},{"start":{"line":37,"column":62},"end":{"line":37,"column":81}}]},"2":{"line":72,"type":"if","locations":[{"start":{"line":72,"column":4},"end":{"line":72,"column":4}},{"start":{"line":72,"column":4},"end":{"line":72,"column":4}}]},"3":{"line":74,"type":"if","locations":[{"start":{"line":74,"column":6},"end":{"line":74,"column":6}},{"start":{"line":74,"column":6},"end":{"line":74,"column":6}}]},"4":{"line":74,"type":"binary-expr","locations":[{"start":{"line":74,"column":10},"end":{"line":74,"column":17}},{"start":{"line":74,"column":21},"end":{"line":74,"column":43}}]},"5":{"line":82,"type":"if","locations":[{"start":{"line":82,"column":10},"end":{"line":82,"column":10}},{"start":{"line":82,"column":10},"end":{"line":82,"column":10}}]},"6":{"line":90,"type":"if","locations":[{"start":{"line":90,"column":14},"end":{"line":90,"column":14}},{"start":{"line":90,"column":14},"end":{"line":90,"column":14}}]},"7":{"line":183,"type":"binary-expr","locations":[{"start":{"line":183,"column":24},"end":{"line":183,"column":43}},{"start":{"line":183,"column":47},"end":{"line":183,"column":52}}]},"8":{"line":184,"type":"cond-expr","locations":[{"start":{"line":184,"column":74},"end":{"line":184,"column":95}},{"start":{"line":184,"column":98},"end":{"line":184,"column":113}}]},"9":{"line":184,"type":"binary-expr","locations":[{"start":{"line":184,"column":18},"end":{"line":184,"column":39}},{"start":{"line":184,"column":43},"end":{"line":184,"column":71}}]},"10":{"line":185,"type":"binary-expr","locations":[{"start":{"line":185,"column":13},"end":{"line":185,"column":41}},{"start":{"line":185,"column":45},"end":{"line":185,"column":76}},{"start":{"line":185,"column":81},"end":{"line":185,"column":91}}]},"11":{"line":197,"type":"if","locations":[{"start":{"line":197,"column":6},"end":{"line":197,"column":6}},{"start":{"line":197,"column":6},"end":{"line":197,"column":6}}]},"12":{"line":248,"type":"binary-expr","locations":[{"start":{"line":248,"column":21},"end":{"line":248,"column":33}},{"start":{"line":248,"column":37},"end":{"line":248,"column":66}}]},"13":{"line":255,"type":"if","locations":[{"start":{"line":255,"column":8},"end":{"line":255,"column":8}},{"start":{"line":255,"column":8},"end":{"line":255,"column":8}}]},"14":{"line":260,"type":"if","locations":[{"start":{"line":260,"column":6},"end":{"line":260,"column":6}},{"start":{"line":260,"column":6},"end":{"line":260,"column":6}}]},"15":{"line":263,"type":"if","locations":[{"start":{"line":263,"column":10},"end":{"line":263,"column":10}},{"start":{"line":263,"column":10},"end":{"line":263,"column":10}}]},"16":{"line":270,"type":"if","locations":[{"start":{"line":270,"column":8},"end":{"line":270,"column":8}},{"start":{"line":270,"column":8},"end":{"line":270,"column":8}}]},"17":{"line":278,"type":"if","locations":[{"start":{"line":278,"column":8},"end":{"line":278,"column":8}},{"start":{"line":278,"column":8},"end":{"line":278,"column":8}}]},"18":{"line":286,"type":"if","locations":[{"start":{"line":286,"column":8},"end":{"line":286,"column":8}},{"start":{"line":286,"column":8},"end":{"line":286,"column":8}}]},"19":{"line":286,"type":"binary-expr","locations":[{"start":{"line":286,"column":12},"end":{"line":286,"column":39}},{"start":{"line":286,"column":43},"end":{"line":286,"column":70}}]},"20":{"line":291,"type":"if","locations":[{"start":{"line":291,"column":8},"end":{"line":291,"column":8}},{"start":{"line":291,"column":8},"end":{"line":291,"column":8}}]},"21":{"line":294,"type":"if","locations":[{"start":{"line":294,"column":10},"end":{"line":294,"column":10}},{"start":{"line":294,"column":10},"end":{"line":294,"column":10}}]},"22":{"line":301,"type":"if","locations":[{"start":{"line":301,"column":10},"end":{"line":301,"column":10}},{"start":{"line":301,"column":10},"end":{"line":301,"column":10}}]},"23":{"line":308,"type":"if","locations":[{"start":{"line":308,"column":8},"end":{"line":308,"column":8}},{"start":{"line":308,"column":8},"end":{"line":308,"column":8}}]},"24":{"line":310,"type":"if","locations":[{"start":{"line":310,"column":8},"end":{"line":310,"column":8}},{"start":{"line":310,"column":8},"end":{"line":310,"column":8}}]},"25":{"line":420,"type":"binary-expr","locations":[{"start":{"line":420,"column":11},"end":{"line":420,"column":52}},{"start":{"line":420,"column":56},"end":{"line":420,"column":97}}]},"26":{"line":428,"type":"if","locations":[{"start":{"line":428,"column":6},"end":{"line":428,"column":6}},{"start":{"line":428,"column":6},"end":{"line":428,"column":6}}]},"27":{"line":439,"type":"if","locations":[{"start":{"line":439,"column":4},"end":{"line":439,"column":4}},{"start":{"line":439,"column":4},"end":{"line":439,"column":4}}]},"28":{"line":443,"type":"cond-expr","locations":[{"start":{"line":443,"column":58},"end":{"line":443,"column":71}},{"start":{"line":443,"column":74},"end":{"line":443,"column":81}}]},"29":{"line":443,"type":"binary-expr","locations":[{"start":{"line":443,"column":18},"end":{"line":443,"column":31}},{"start":{"line":443,"column":35},"end":{"line":443,"column":55}}]},"30":{"line":450,"type":"if","locations":[{"start":{"line":450,"column":4},"end":{"line":450,"column":4}},{"start":{"line":450,"column":4},"end":{"line":450,"column":4}}]},"31":{"line":450,"type":"binary-expr","locations":[{"start":{"line":450,"column":8},"end":{"line":450,"column":13}},{"start":{"line":450,"column":17},"end":{"line":450,"column":22}}]},"32":{"line":453,"type":"if","locations":[{"start":{"line":453,"column":4},"end":{"line":453,"column":4}},{"start":{"line":453,"column":4},"end":{"line":453,"column":4}}]},"33":{"line":453,"type":"binary-expr","locations":[{"start":{"line":453,"column":8},"end":{"line":453,"column":33}},{"start":{"line":454,"column":8},"end":{"line":454,"column":42}},{"start":{"line":454,"column":46},"end":{"line":454,"column":80}}]},"34":{"line":458,"type":"if","locations":[{"start":{"line":458,"column":4},"end":{"line":458,"column":4}},{"start":{"line":458,"column":4},"end":{"line":458,"column":4}}]},"35":{"line":462,"type":"if","locations":[{"start":{"line":462,"column":4},"end":{"line":462,"column":4}},{"start":{"line":462,"column":4},"end":{"line":462,"column":4}}]},"36":{"line":469,"type":"if","locations":[{"start":{"line":469,"column":4},"end":{"line":469,"column":4}},{"start":{"line":469,"column":4},"end":{"line":469,"column":4}}]},"37":{"line":478,"type":"if","locations":[{"start":{"line":478,"column":4},"end":{"line":478,"column":4}},{"start":{"line":478,"column":4},"end":{"line":478,"column":4}}]},"38":{"line":478,"type":"binary-expr","locations":[{"start":{"line":478,"column":8},"end":{"line":478,"column":20}},{"start":{"line":
[...]
er from scrolling.","          event.preventDefault();","          if (eventHandlers['move']) {","            eventHandlers['move'](coords, event);","          }","        }","      });","","      element.on(getEvents(pointerTypes, 'end'), function(event) {","        if (!active) return;","        active = false;","        if (eventHandlers['end']) {","          eventHandlers['end'](getCoordinates(event), event);","        }","      });","    }","  };","}]);","","/* global ngTouch: false,","  nodeName_: false","*/","","/**"," * @ngdoc directive"," * @name ngClick"," * @deprecated"," * sinceVersion=\"v1.5.0\""," * This directive is deprecated and **disabled** by default."," * The directive will receive no further support and might be removed from future releases."," * If you need the directive, you can enable it with the {@link ngTouch.$touchProvider $touchProvider#ngClickOverrideEnabled}"," * function. We also recommend that you migrate to [FastClick](https://github.com/ftlabs/fastclick)."," * To learn more about the 300ms delay, this [Telerik article](http://developer.telerik.com/featured/300-ms-click-delay-ios-8/)"," * gives a good overview."," *"," * @description"," * A more powerful replacement for the default ngClick designed to be used on touchscreen"," * devices. Most mobile browsers wait about 300ms after a tap-and-release before sending"," * the click event. This version handles them immediately, and then prevents the"," * following click event from propagating."," *"," * Requires the {@link ngTouch `ngTouch`} module to be installed."," *"," * This directive can fall back to using an ordinary click event, and so works on desktop"," * browsers as well as mobile."," *"," * This directive also sets the CSS class `ng-click-active` while the element is being held"," * down (by a mouse click or touch) so you can restyle the depressed element if you wish."," *"," * @element ANY"," * @param {expression} ngClick {@link guide/expression Expression} to evaluate"," * upon tap. (Event object is available as `$event`)"," *"," * @example","    <example module=\"ngClickExample\" deps=\"angular-touch.js\" name=\"ng-touch-ng-click\">","      <file name=\"index.html\">","        <button ng-click=\"count = count + 1\" ng-init=\"count=0\">","          Increment","        </button>","        count: {{ count }}","      </file>","      <file name=\"script.js\">","        angular.module('ngClickExample', ['ngTouch']);","      </file>","    </example>"," */","","var ngTouchClickDirectiveFactory = ['$parse', '$timeout', '$rootElement',","    function($parse, $timeout, $rootElement) {","  var TAP_DURATION = 750; // Shorter than 750ms is a tap, longer is a taphold or drag.","  var MOVE_TOLERANCE = 12; // 12px seems to work in most mobile browsers.","  var PREVENT_DURATION = 2500; // 2.5 seconds maximum from preventGhostClick call to click","  var CLICKBUSTER_THRESHOLD = 25; // 25 pixels in any dimension is the limit for busting clicks.","","  var ACTIVE_CLASS_NAME = 'ng-click-active';","  var lastPreventedTime;","  var touchCoordinates;","  var lastLabelClickCoordinates;","","","  // TAP EVENTS AND GHOST CLICKS","  //","  // Why tap events?","  // Mobile browsers detect a tap, then wait a moment (usually ~300ms) to see if you're","  // double-tapping, and then fire a click event.","  //","  // This delay sucks and makes mobile apps feel unresponsive.","  // So we detect touchstart, touchcancel and touchend ourselves and determine when","  // the user has tapped on something.","  //","  // What happens when the browser then generates a click event?","  // The browser, of course, also detects the tap and fires a click after a delay. This results in","  // tapping/clicking twice. We do \"clickbusting\" to prevent it.","  //","  // How does it work?","  // We attach global touchstart and click handlers, that run during the capture (early) phase.","  // So the sequence for a tap is:","  // - global touchstart: Sets an \"allowable region\" at the point touched.","  // - element's touchstart: Starts a touch","  // (- touchcancel ends the touch, no click follows)","  // - element's touchend: Determines if the tap is valid (didn't move too far away, didn't hold","  //   too long) and fires the user's tap handler. The touchend also calls preventGhostClick().","  // - preventGhostClick() removes the allowable region the global touchstart created.","  // - The browser generates a click event.","  // - The global click handler catches the click, and checks whether it was in an allowable region.","  //     - If preventGhostClick was called, the region will have been removed, the click is busted.","  //     - If the region is still there, the click proceeds normally. Therefore clicks on links and","  //       other elements without ngTap on them work normally.","  //","  // This is an ugly, terrible hack!","  // Yeah, tell me about it. The alternatives are using the slow click events, or making our users","  // deal with the ghost clicks, so I consider this the least of evils. Fortunately Angular","  // encapsulates this ugly logic away from the user.","  //","  // Why not just put click handlers on the element?","  // We do that too, just to be sure. If the tap event caused the DOM to change,","  // it is possible another element is now in that position. To take account for these possibly","  // distinct elements, the handlers are global and care only about coordinates.","","  // Checks if the coordinates are close enough to be within the region.","  function hit(x1, y1, x2, y2) {","    return Math.abs(x1 - x2) < CLICKBUSTER_THRESHOLD && Math.abs(y1 - y2) < CLICKBUSTER_THRESHOLD;","  }","","  // Checks a list of allowable regions against a click location.","  // Returns true if the click should be allowed.","  // Splices out the allowable region from the list after it has been used.","  function checkAllowableRegions(touchCoordinates, x, y) {","    for (var i = 0; i < touchCoordinates.length; i += 2) {","      if (hit(touchCoordinates[i], touchCoordinates[i + 1], x, y)) {","        touchCoordinates.splice(i, i + 2);","        return true; // allowable region","      }","    }","    return false; // No allowable region; bust it.","  }","","  // Global click handler that prevents the click if it's in a bustable zone and preventGhostClick","  // was called recently.","  function onClick(event) {","    if (Date.now() - lastPreventedTime > PREVENT_DURATION) {","      return; // Too old.","    }","","    var touches = event.touches && event.touches.length ? event.touches : [event];","    var x = touches[0].clientX;","    var y = touches[0].clientY;","    // Work around desktop Webkit quirk where clicking a label will fire two clicks (on the label","    // and on the input element). Depending on the exact browser, this second click we don't want","    // to bust has either (0,0), negative coordinates, or coordinates equal to triggering label","    // click event","    if (x < 1 && y < 1) {","      return; // offscreen","    }","    if (lastLabelClickCoordinates &&","        lastLabelClickCoordinates[0] === x && lastLabelClickCoordinates[1] === y) {","      return; // input click triggered by label click","    }","    // reset label click coordinates on first subsequent click","    if (lastLabelClickCoordinates) {","      lastLabelClickCoordinates = null;","    }","    // remember label click coordinates to prevent click busting of trigger click event on input","    if (nodeName_(event.target) === 'label') {","      lastLabelClickCoordinates = [x, y];","    }","","    // Look for an allowable region containing this click.","    // If we find one, that means it was created by touchstart and not removed by","    // preventGhostClick, so we don't bust it.","    if (checkAllowableRegions(touchCoordinates, x, y)) {","      return;","    }","","    // If we didn't find an allowable region, bust the click.","    event.stopPropagation();","    event.preventDefault();","","    // Blur focused form elements","    if (event.target && event.target.blur) {","      event.target.blur();","    }","  }","","","  // Global touchstart handler that creates an allowable region for a click event.","  // This allowable region can be removed by preventGhostClick if we want to bust it.","  function onTouchStart(event) {","    var touches = event.touches && event.touches.length ? event.touches : [event];","    var x = touches[0].clientX;","    var y = touches[0].clientY;","    touchCoordinates.push(x, y);","","    $timeout(function() {","      // Remove the allowable region.","      for (var i = 0; i < touchCoordinates.length; i += 2) {","        if (touchCoordinates[i] === x && touchCoordinates[i + 1] === y) {","          touchCoordinates.splice(i, i + 2);","          return;","        }","      }","    }, PREVENT_DURATION, false);","  }","","  // On the first call, attaches some event handlers. Then whenever it gets called, it creates a","  // zone around the touchstart where clicks will get busted.","  function preventGhostClick(x, y) {","    if (!touchCoordinates) {","      $rootElement[0].addEventListener('click', onClick, true);","      $rootElement[0].addEventListener('touchstart', onTouchStart, true);","      touchCoordinates = [];","    }","","    lastPreventedTime = Date.now();","","    checkAllowableRegions(touchCoordinates, x, y);","  }","","  // Actual linking function.","  return function(scope, element, attr) {","    var clickHandler = $parse(attr.ngClick),","        tapping = false,","        tapElement,  // Used to blur the element after a tap.","        startTime,   // Used to check if the tap was held too long.","        touchStartX,","        touchStartY;","","    function resetState() {","      tapping = false;","      element.removeClass(ACTIVE_CLASS_NAME);","    }","","    element.on('touchstart', function(event) {","      tapping = true;","      tapElement = event.target ? event.target : event.srcElement; // IE uses srcElement.","      // Hack for Safari, which can target text nodes instead of containers.","      if (tapElement.nodeType === 3) {","        tapElement = tapElement.parentNode;","      }","","      element.addClass(ACTIVE_CLASS_NAME);","","      startTime = Date.now();","","      // Use jQuery originalEvent","      var originalEvent = event.originalEvent || event;","      var touches = originalEvent.touches && originalEvent.touches.length ? originalEvent.touches : [originalEvent];","      var e = touches[0];","      touchStartX = e.clientX;","      touchStartY = e.clientY;","    });","","    element.on('touchcancel', function(event) {","      resetState();","    });","","    element.on('touchend', function(event) {","      var diff = Date.now() - startTime;","","      // Use jQuery originalEvent","      var originalEvent = event.originalEvent || event;","      var touches = (originalEvent.changedTouches && originalEvent.changedTouches.length) ?","          originalEvent.changedTouches :","          ((originalEvent.touches && originalEvent.touches.length) ? originalEvent.touches : [originalEvent]);","      var e = touches[0];","      var x = e.clientX;","      var y = e.clientY;","      var dist = Math.sqrt(Math.pow(x - touchStartX, 2) + Math.pow(y - touchStartY, 2));","","      if (tapping && diff < TAP_DURATION && dist < MOVE_TOLERANCE) {","        // Call preventGhostClick so the clickbuster will catch the corresponding click.","        preventGhostClick(x, y);","","        // Blur the focused element (the button, probably) before firing the callback.","        // This doesn't work perfectly on Android Chrome, but seems to work elsewhere.","        // I couldn't get anything to work reliably on Android Chrome.","        if (tapElement) {","          tapElement.blur();","        }","","        if (!angular.isDefined(attr.disabled) || attr.disabled === false) {","          element.triggerHandler('click', [event]);","        }","      }","","      resetState();","    });","","    // Hack for iOS Safari's benefit. It goes searching for onclick handlers and is liable to click","    // something else nearby.","    element.onclick = function(event) { };","","    // Actual click handler.","    // There are three different kinds of clicks, only two of which reach this point.","    // - On desktop browsers without touch events, their clicks will always come here.","    // - On mobile browsers, the simulated \"fast\" click will call this.","    // - But the browser's follow-up slow click will be \"busted\" before it reaches this handler.","    // Therefore it's safe to use this directive on both mobile and desktop.","    element.on('click', function(event, touchend) {","      scope.$apply(function() {","        clickHandler(scope, {$event: (touchend || event)});","      });","    });","","    element.on('mousedown', function(event) {","      element.addClass(ACTIVE_CLASS_NAME);","    });","","    element.on('mousemove mouseup', function(event) {","      element.removeClass(ACTIVE_CLASS_NAME);","    });","","  };","}];","","/* global ngTouch: false */","","/**"," * @ngdoc directive"," * @name ngSwipeLeft"," *"," * @description"," * Specify custom behavior when an element is swiped to the left on a touchscreen device."," * A leftward swipe is a quick, right-to-left slide of the finger."," * Though ngSwipeLeft is designed for touch-based devices, it will work with a mouse click and drag"," * too."," *"," * To disable the mouse click and drag functionality, add `ng-swipe-disable-mouse` to"," * the `ng-swipe-left` or `ng-swipe-right` DOM Element."," *"," * Requires the {@link ngTouch `ngTouch`} module to be installed."," *"," * @element ANY"," * @param {expression} ngSwipeLeft {@link guide/expression Expression} to evaluate"," * upon left swipe. (Event object is available as `$event`)"," *"," * @example","    <example module=\"ngSwipeLeftExample\" deps=\"angular-touch.js\" name=\"ng-swipe-left\">","      <file name=\"index.html\">","        <div ng-show=\"!showActions\" ng-swipe-left=\"showActions = true\">","          Some list content, like an email in the inbox","        </div>","        <div ng-show=\"showActions\" ng-swipe-right=\"showActions = false\">","          <button ng-click=\"reply()\">Reply</button>","          <button ng-click=\"delete()\">Delete</button>","        </div>","      </file>","      <file name=\"script.js\">","        angular.module('ngSwipeLeftExample', ['ngTouch']);","      </file>","    </example>"," */","","/**"," * @ngdoc directive"," * @name ngSwipeRight"," *"," * @description"," * Specify custom behavior when an element is swiped to the right on a touchscreen device."," * A rightward swipe is a quick, left-to-right slide of the finger."," * Though ngSwipeRight is designed for touch-based devices, it will work with a mouse click and drag"," * too."," *"," * Requires the {@link ngTouch `ngTouch`} module to be installed."," *"," * @element ANY"," * @param {expression} ngSwipeRight {@link guide/expression Expression} to evaluate"," * upon right swipe. (Event object is available as `$event`)"," *"," * @example","    <example module=\"ngSwipeRightExample\" deps=\"angular-touch.js\" name=\"ng-swipe-right\">","      <file name=\"index.html\">","        <div ng-show=\"!showActions\" ng-swipe-left=\"showActions = true\">","          Some list content, like an email in the inbox","        </div>","        <div ng-show=\"showActions\" ng-swipe-right=\"showActions = false\">","          <button ng-click=\"reply()\">Reply</button>","          <button ng-click=\"delete()\">Delete</button>","        </div>","      </file>","      <file name=\"script.js\">","        angular.module('ngSwipeRightExample', ['ngTouch']);","      </file>","    </example>"," */","","function makeSwipeDirective(directiveName, direction, eventName) {","  ngTouch.directive(directiveName, ['$parse', '$swipe', function($parse, $swipe) {","    // The maximum vertical delta for a swipe should be less than 75px.","    var MAX_VERTICAL_DISTANCE = 75;","    // Vertical distance should not be more than a fraction of the horizontal distance.","    var MAX_VERTICAL_RATIO = 0.3;","    // At least a 30px lateral motion is necessary for a swipe.","    var MIN_HORIZONTAL_DISTANCE = 30;","","    return function(scope, element, attr) {","      var swipeHandler = $parse(attr[directiveName]);","","      var startCoords, valid;","","      function validSwipe(coords) {","        // Check that it's within the coordinates.","        // Absolute vertical distance must be within tolerances.","        // Horizontal distance, we take the current X - the starting X.","        // This is negative for leftward swipes and positive for rightward swipes.","        // After multiplying by the direction (-1 for left, +1 for right), legal swipes","        // (ie. same direction as the directive wants) will have a positive delta and","        // illegal ones a negative delta.","        // Therefore this delta must be positive, and larger than the minimum.","        if (!startCoords) return false;","        var deltaY = Math.abs(coords.y - startCoords.y);","        var deltaX = (coords.x - startCoords.x) * direction;","        return valid && // Short circuit for already-invalidated swipes.","            deltaY < MAX_VERTICAL_DISTANCE &&","            deltaX > 0 &&","            deltaX > MIN_HORIZONTAL_DISTANCE &&","            deltaY / deltaX < MAX_VERTICAL_RATIO;","      }","","      var pointerTypes = ['touch'];","      if (!angular.isDefined(attr['ngSwipeDisableMouse'])) {","        pointerTypes.push('mouse');","      }","      $swipe.bind(element, {","        'start': function(coords, event) {","          startCoords = coords;","          valid = true;","        },","        'cancel': function(event) {","          valid = false;","        },","        'end': function(coords, event) {","          if (validSwipe(coords)) {","            scope.$apply(function() {","              element.triggerHandler(eventName);","              swipeHandler(scope, {$event: event});","            });","          }","        }","      }, pointerTypes);","    };","  }]);","}","","// Left is negative X-coordinate, right is positive.","makeSwipeDirective('ngSwipeLeft', -1, 'swipeleft');","makeSwipeDirective('ngSwipeRight', 1, 'swiperight');","","","","})(window, window.angular);",""],"l":{"6":4,"30":0,"32":0,"34":0,"36":1,"37":0,"47":0,"48":1,"68":0,"69":0,"71":0,"72":0,"74":0,"75":0,"78":0,"79":0,"81":0,"82":0,"84":0,"88":0,"89":0,"90":0,"91":0,"92":0,"94":0,"98":0,"102":0,"103":0,"106":0,"119":0,"120":0,"131":0,"158":0,"160":0,"162":0,"182":1,"183":0,"184":0,"185":0,"187":0,"193":1,"194":0,"195":0,"196":0,"197":0,"198":0,"201":0,"204":0,"240":0,"242":0,"244":0,"246":0,"248":0,"249":0,"250":0,"251":0,"252":0,"253":0,"254":0,"255":0,"256":0,"259":0,"260":0,"261":0,"262":0,"263":0,"264":0,"269":0,"270":0,"278":0,"279":0,"281":0,"282":0,"284":0,"286":0,"287":0,"291":0,"293":0,"294":0,"295":0,"297":0,"300":0,"301":0,"302":0,"307":0,"308":0,"309":0,"310":0,"311":0,"366":0,"368":0,"369":0,"370":0,"371":0,"373":0,"374":0,"375":0,"376":0,"419":1,"420":0,"426":1,"427":0,"428":0,"429":0,"430":0,"433":0,"438":1,"439":0,"440":0,"443":0,"444":0,"445":0,"450":0,"451":0,"453":0,"455":0,"458":0,"459":0,"462":0,"463":0,"469":0,"470":0,"474":0,"475":0,"478":0,"479":0,"486":1,"487":0,"488":0,"489":0,"490":0,"492":0,"494":0,"495":0,"496":0,"497":0,"505":1,"506":0,"507":0,"508":0,"509":0,"512":0,"514":0,"518":0,"519":0,"526":1,"527":0,"528":0,"531":0,"532":0,"533":0,"535":0,"536":0,"539":0,"541":0,"544":0,"545":0,"546":0,"547":0,"548":0,"551":0,"552":0,"555":0,"556":0,"559":0,"560":0,"563":0,"564":0,"565":0,"566":0,"568":0,"570":0,"575":0,"576":0,"579":0,"580":0,"584":0,"589":0,"597":0,"598":0,"599":0,"603":0,"604":0,"607":0,"608":0,"685":1,"686":0,"688":0,"690":0,"692":0,"694":0,"695":0,"697":0,"699":1,"708":0,"709":0,"710":0,"711":0,"718":0,"719":0,"720":0,"722":0,"724":0,"725":0,"728":0,"731":0,"732":0,"733":0,"734":0,"744":0,"745":0}}}